<?xml version="1.0" encoding="UTF-8"?>
<testsuite xmlns:xsi="http://www.w3.org/2001/XMLSchema-instance" xsi:noNamespaceSchemaLocation="https://maven.apache.org/surefire/maven-surefire-plugin/xsd/surefire-test-report.xsd" name="com.danit.controllers.TestControllerTest" time="1.077" tests="1" errors="1" skipped="0" failures="0">
  <properties>
    <property name="awt.toolkit" value="sun.awt.X11.XToolkit"/>
    <property name="file.encoding.pkg" value="sun.io"/>
    <property name="java.specification.version" value="1.8"/>
    <property name="sun.cpu.isalist" value=""/>
    <property name="sun.jnu.encoding" value="UTF-8"/>
    <property name="java.class.path" value="/root/workspace/Thealoner/danit-final-project/441107842/target/test-classes:/root/workspace/Thealoner/danit-final-project/441107842/target/classes:/root/./workspace/Thealoner/danit-final-project/441107842/.m2/org/springframework/boot/spring-boot-starter-web/2.0.5.RELEASE/spring-boot-starter-web-2.0.5.RELEASE.jar:/root/./workspace/Thealoner/danit-final-project/441107842/.m2/org/springframework/boot/spring-boot-starter/2.0.5.RELEASE/spring-boot-starter-2.0.5.RELEASE.jar:/root/./workspace/Thealoner/danit-final-project/441107842/.m2/org/springframework/boot/spring-boot/2.0.5.RELEASE/spring-boot-2.0.5.RELEASE.jar:/root/./workspace/Thealoner/danit-final-project/441107842/.m2/org/springframework/boot/spring-boot-autoconfigure/2.0.5.RELEASE/spring-boot-autoconfigure-2.0.5.RELEASE.jar:/root/./workspace/Thealoner/danit-final-project/441107842/.m2/org/springframework/boot/spring-boot-starter-logging/2.0.5.RELEASE/spring-boot-starter-logging-2.0.5.RELEASE.jar:/root/./workspace/Thealoner/danit-final-project/441107842/.m2/ch/qos/logback/logback-classic/1.2.3/logback-classic-1.2.3.jar:/root/./workspace/Thealoner/danit-final-project/441107842/.m2/ch/qos/logback/logback-core/1.2.3/logback-core-1.2.3.jar:/root/./workspace/Thealoner/danit-final-project/441107842/.m2/org/apache/logging/log4j/log4j-to-slf4j/2.10.0/log4j-to-slf4j-2.10.0.jar:/root/./workspace/Thealoner/danit-final-project/441107842/.m2/org/apache/logging/log4j/log4j-api/2.10.0/log4j-api-2.10.0.jar:/root/./workspace/Thealoner/danit-final-project/441107842/.m2/org/slf4j/jul-to-slf4j/1.7.25/jul-to-slf4j-1.7.25.jar:/root/./workspace/Thealoner/danit-final-project/441107842/.m2/javax/annotation/javax.annotation-api/1.3.2/javax.annotation-api-1.3.2.jar:/root/./workspace/Thealoner/danit-final-project/441107842/.m2/org/yaml/snakeyaml/1.19/snakeyaml-1.19.jar:/root/./workspace/Thealoner/danit-final-project/441107842/.m2/org/springframework/boot/spring-boot-starter-json/2.0.5.RELEASE/spring-boot-starter-json-2.0.5.RELEASE.jar:/root/./workspace/Thealoner/danit-final-project/441107842/.m2/com/fasterxml/jackson/core/jackson-databind/2.9.6/jackson-databind-2.9.6.jar:/root/./workspace/Thealoner/danit-final-project/441107842/.m2/com/fasterxml/jackson/core/jackson-annotations/2.9.0/jackson-annotations-2.9.0.jar:/root/./workspace/Thealoner/danit-final-project/441107842/.m2/com/fasterxml/jackson/core/jackson-core/2.9.6/jackson-core-2.9.6.jar:/root/./workspace/Thealoner/danit-final-project/441107842/.m2/com/fasterxml/jackson/datatype/jackson-datatype-jdk8/2.9.6/jackson-datatype-jdk8-2.9.6.jar:/root/./workspace/Thealoner/danit-final-project/441107842/.m2/com/fasterxml/jackson/datatype/jackson-datatype-jsr310/2.9.6/jackson-datatype-jsr310-2.9.6.jar:/root/./workspace/Thealoner/danit-final-project/441107842/.m2/com/fasterxml/jackson/module/jackson-module-parameter-names/2.9.6/jackson-module-parameter-names-2.9.6.jar:/root/./workspace/Thealoner/danit-final-project/441107842/.m2/org/springframework/boot/spring-boot-starter-tomcat/2.0.5.RELEASE/spring-boot-starter-tomcat-2.0.5.RELEASE.jar:/root/./workspace/Thealoner/danit-final-project/441107842/.m2/org/apache/tomcat/embed/tomcat-embed-core/8.5.34/tomcat-embed-core-8.5.34.jar:/root/./workspace/Thealoner/danit-final-project/441107842/.m2/org/apache/tomcat/embed/tomcat-embed-el/8.5.34/tomcat-embed-el-8.5.34.jar:/root/./workspace/Thealoner/danit-final-project/441107842/.m2/org/apache/tomcat/embed/tomcat-embed-websocket/8.5.34/tomcat-embed-websocket-8.5.34.jar:/root/./workspace/Thealoner/danit-final-project/441107842/.m2/org/hibernate/validator/hibernate-validator/6.0.12.Final/hibernate-validator-6.0.12.Final.jar:/root/./workspace/Thealoner/danit-final-project/441107842/.m2/javax/validation/validation-api/2.0.1.Final/validation-api-2.0.1.Final.jar:/root/./workspace/Thealoner/danit-final-project/441107842/.m2/org/jboss/logging/jboss-logging/3.3.2.Final/jboss-logging-3.3.2.Final.jar:/root/./workspace/Thealoner/danit-final-project/441107842/.m2/com/fasterxml/classmate/1.3.4/classmate-1.3.4.jar:/root/./workspace/Thealoner/danit-final-project/441107842/.m2/org/springframework/spring-web/5.0.9.RELEASE/spring-web-5.0.9.RELEASE.jar:/root/./workspace/Thealoner/danit-final-project/441107842/.m2/org/springframework/spring-beans/5.0.9.RELEASE/spring-beans-5.0.9.RELEASE.jar:/root/./workspace/Thealoner/danit-final-project/441107842/.m2/org/springframework/spring-webmvc/5.0.9.RELEASE/spring-webmvc-5.0.9.RELEASE.jar:/root/./workspace/Thealoner/danit-final-project/441107842/.m2/org/springframework/spring-aop/5.0.9.RELEASE/spring-aop-5.0.9.RELEASE.jar:/root/./workspace/Thealoner/danit-final-project/441107842/.m2/org/springframework/spring-context/5.0.9.RELEASE/spring-context-5.0.9.RELEASE.jar:/root/./workspace/Thealoner/danit-final-project/441107842/.m2/org/springframework/spring-expression/5.0.9.RELEASE/spring-expression-5.0.9.RELEASE.jar:/root/./workspace/Thealoner/danit-final-project/441107842/.m2/com/h2database/h2/1.4.197/h2-1.4.197.jar:/root/./workspace/Thealoner/danit-final-project/441107842/.m2/org/springframework/boot/spring-boot-starter-test/2.0.5.RELEASE/spring-boot-starter-test-2.0.5.RELEASE.jar:/root/./workspace/Thealoner/danit-final-project/441107842/.m2/org/springframework/boot/spring-boot-test/2.0.5.RELEASE/spring-boot-test-2.0.5.RELEASE.jar:/root/./workspace/Thealoner/danit-final-project/441107842/.m2/org/springframework/boot/spring-boot-test-autoconfigure/2.0.5.RELEASE/spring-boot-test-autoconfigure-2.0.5.RELEASE.jar:/root/./workspace/Thealoner/danit-final-project/441107842/.m2/com/jayway/jsonpath/json-path/2.4.0/json-path-2.4.0.jar:/root/./workspace/Thealoner/danit-final-project/441107842/.m2/net/minidev/json-smart/2.3/json-smart-2.3.jar:/root/./workspace/Thealoner/danit-final-project/441107842/.m2/net/minidev/accessors-smart/1.2/accessors-smart-1.2.jar:/root/./workspace/Thealoner/danit-final-project/441107842/.m2/org/ow2/asm/asm/5.0.4/asm-5.0.4.jar:/root/./workspace/Thealoner/danit-final-project/441107842/.m2/org/slf4j/slf4j-api/1.7.25/slf4j-api-1.7.25.jar:/root/./workspace/Thealoner/danit-final-project/441107842/.m2/junit/junit/4.12/junit-4.12.jar:/root/./workspace/Thealoner/danit-final-project/441107842/.m2/org/assertj/assertj-core/3.9.1/assertj-core-3.9.1.jar:/root/./workspace/Thealoner/danit-final-project/441107842/.m2/org/mockito/mockito-core/2.15.0/mockito-core-2.15.0.jar:/root/./workspace/Thealoner/danit-final-project/441107842/.m2/net/bytebuddy/byte-buddy/1.7.11/byte-buddy-1.7.11.jar:/root/./workspace/Thealoner/danit-final-project/441107842/.m2/net/bytebuddy/byte-buddy-agent/1.7.11/byte-buddy-agent-1.7.11.jar:/root/./workspace/Thealoner/danit-final-project/441107842/.m2/org/objenesis/objenesis/2.6/objenesis-2.6.jar:/root/./workspace/Thealoner/danit-final-project/441107842/.m2/org/hamcrest/hamcrest-core/1.3/hamcrest-core-1.3.jar:/root/./workspace/Thealoner/danit-final-project/441107842/.m2/org/hamcrest/hamcrest-library/1.3/hamcrest-library-1.3.jar:/root/./workspace/Thealoner/danit-final-project/441107842/.m2/org/skyscreamer/jsonassert/1.5.0/jsonassert-1.5.0.jar:/root/./workspace/Thealoner/danit-final-project/441107842/.m2/com/vaadin/external/google/android-json/0.0.20131108.vaadin1/android-json-0.0.20131108.vaadin1.jar:/root/./workspace/Thealoner/danit-final-project/441107842/.m2/org/springframework/spring-core/5.0.9.RELEASE/spring-core-5.0.9.RELEASE.jar:/root/./workspace/Thealoner/danit-final-project/441107842/.m2/org/springframework/spring-jcl/5.0.9.RELEASE/spring-jcl-5.0.9.RELEASE.jar:/root/./workspace/Thealoner/danit-final-project/441107842/.m2/org/springframework/spring-test/5.0.9.RELEASE/spring-test-5.0.9.RELEASE.jar:/root/./workspace/Thealoner/danit-final-project/441107842/.m2/org/xmlunit/xmlunit-core/2.5.1/xmlunit-core-2.5.1.jar:"/>
    <property name="java.vm.vendor" value="Oracle Corporation"/>
    <property name="skip.bower" value="true"/>
    <property name="sun.arch.data.model" value="64"/>
    <property name="java.vendor.url" value="http://java.oracle.com/"/>
    <property name="user.timezone" value=""/>
    <property name="java.vm.specification.version" value="1.8"/>
    <property name="os.name" value="Linux"/>
    <property name="rat.skip" value="true"/>
    <property name="gpg.skip" value="true"/>
    <property name="sun.java.launcher" value="SUN_STANDARD"/>
    <property name="sun.boot.library.path" value="/usr/lib/jvm/java-8-openjdk-amd64/jre/lib/amd64"/>
    <property name="skip.gulp" value="true"/>
    <property name="sun.java.command" value="/root/workspace/Thealoner/danit-final-project/441107842/target/surefire/surefirebooter875544137193939493.jar /root/workspace/Thealoner/danit-final-project/441107842/target/surefire 2018-10-14T15-13-37_372-jvmRun1 surefire1367323485152899668tmp surefire_06905204849505638107tmp"/>
    <property name="dependency-check.skip" value="true"/>
    <property name="surefire.test.class.path" value="/root/workspace/Thealoner/danit-final-project/441107842/target/test-classes:/root/workspace/Thealoner/danit-final-project/441107842/target/classes:/root/./workspace/Thealoner/danit-final-project/441107842/.m2/org/springframework/boot/spring-boot-starter-web/2.0.5.RELEASE/spring-boot-starter-web-2.0.5.RELEASE.jar:/root/./workspace/Thealoner/danit-final-project/441107842/.m2/org/springframework/boot/spring-boot-starter/2.0.5.RELEASE/spring-boot-starter-2.0.5.RELEASE.jar:/root/./workspace/Thealoner/danit-final-project/441107842/.m2/org/springframework/boot/spring-boot/2.0.5.RELEASE/spring-boot-2.0.5.RELEASE.jar:/root/./workspace/Thealoner/danit-final-project/441107842/.m2/org/springframework/boot/spring-boot-autoconfigure/2.0.5.RELEASE/spring-boot-autoconfigure-2.0.5.RELEASE.jar:/root/./workspace/Thealoner/danit-final-project/441107842/.m2/org/springframework/boot/spring-boot-starter-logging/2.0.5.RELEASE/spring-boot-starter-logging-2.0.5.RELEASE.jar:/root/./workspace/Thealoner/danit-final-project/441107842/.m2/ch/qos/logback/logback-classic/1.2.3/logback-classic-1.2.3.jar:/root/./workspace/Thealoner/danit-final-project/441107842/.m2/ch/qos/logback/logback-core/1.2.3/logback-core-1.2.3.jar:/root/./workspace/Thealoner/danit-final-project/441107842/.m2/org/apache/logging/log4j/log4j-to-slf4j/2.10.0/log4j-to-slf4j-2.10.0.jar:/root/./workspace/Thealoner/danit-final-project/441107842/.m2/org/apache/logging/log4j/log4j-api/2.10.0/log4j-api-2.10.0.jar:/root/./workspace/Thealoner/danit-final-project/441107842/.m2/org/slf4j/jul-to-slf4j/1.7.25/jul-to-slf4j-1.7.25.jar:/root/./workspace/Thealoner/danit-final-project/441107842/.m2/javax/annotation/javax.annotation-api/1.3.2/javax.annotation-api-1.3.2.jar:/root/./workspace/Thealoner/danit-final-project/441107842/.m2/org/yaml/snakeyaml/1.19/snakeyaml-1.19.jar:/root/./workspace/Thealoner/danit-final-project/441107842/.m2/org/springframework/boot/spring-boot-starter-json/2.0.5.RELEASE/spring-boot-starter-json-2.0.5.RELEASE.jar:/root/./workspace/Thealoner/danit-final-project/441107842/.m2/com/fasterxml/jackson/core/jackson-databind/2.9.6/jackson-databind-2.9.6.jar:/root/./workspace/Thealoner/danit-final-project/441107842/.m2/com/fasterxml/jackson/core/jackson-annotations/2.9.0/jackson-annotations-2.9.0.jar:/root/./workspace/Thealoner/danit-final-project/441107842/.m2/com/fasterxml/jackson/core/jackson-core/2.9.6/jackson-core-2.9.6.jar:/root/./workspace/Thealoner/danit-final-project/441107842/.m2/com/fasterxml/jackson/datatype/jackson-datatype-jdk8/2.9.6/jackson-datatype-jdk8-2.9.6.jar:/root/./workspace/Thealoner/danit-final-project/441107842/.m2/com/fasterxml/jackson/datatype/jackson-datatype-jsr310/2.9.6/jackson-datatype-jsr310-2.9.6.jar:/root/./workspace/Thealoner/danit-final-project/441107842/.m2/com/fasterxml/jackson/module/jackson-module-parameter-names/2.9.6/jackson-module-parameter-names-2.9.6.jar:/root/./workspace/Thealoner/danit-final-project/441107842/.m2/org/springframework/boot/spring-boot-starter-tomcat/2.0.5.RELEASE/spring-boot-starter-tomcat-2.0.5.RELEASE.jar:/root/./workspace/Thealoner/danit-final-project/441107842/.m2/org/apache/tomcat/embed/tomcat-embed-core/8.5.34/tomcat-embed-core-8.5.34.jar:/root/./workspace/Thealoner/danit-final-project/441107842/.m2/org/apache/tomcat/embed/tomcat-embed-el/8.5.34/tomcat-embed-el-8.5.34.jar:/root/./workspace/Thealoner/danit-final-project/441107842/.m2/org/apache/tomcat/embed/tomcat-embed-websocket/8.5.34/tomcat-embed-websocket-8.5.34.jar:/root/./workspace/Thealoner/danit-final-project/441107842/.m2/org/hibernate/validator/hibernate-validator/6.0.12.Final/hibernate-validator-6.0.12.Final.jar:/root/./workspace/Thealoner/danit-final-project/441107842/.m2/javax/validation/validation-api/2.0.1.Final/validation-api-2.0.1.Final.jar:/root/./workspace/Thealoner/danit-final-project/441107842/.m2/org/jboss/logging/jboss-logging/3.3.2.Final/jboss-logging-3.3.2.Final.jar:/root/./workspace/Thealoner/danit-final-project/441107842/.m2/com/fasterxml/classmate/1.3.4/classmate-1.3.4.jar:/root/./workspace/Thealoner/danit-final-project/441107842/.m2/org/springframework/spring-web/5.0.9.RELEASE/spring-web-5.0.9.RELEASE.jar:/root/./workspace/Thealoner/danit-final-project/441107842/.m2/org/springframework/spring-beans/5.0.9.RELEASE/spring-beans-5.0.9.RELEASE.jar:/root/./workspace/Thealoner/danit-final-project/441107842/.m2/org/springframework/spring-webmvc/5.0.9.RELEASE/spring-webmvc-5.0.9.RELEASE.jar:/root/./workspace/Thealoner/danit-final-project/441107842/.m2/org/springframework/spring-aop/5.0.9.RELEASE/spring-aop-5.0.9.RELEASE.jar:/root/./workspace/Thealoner/danit-final-project/441107842/.m2/org/springframework/spring-context/5.0.9.RELEASE/spring-context-5.0.9.RELEASE.jar:/root/./workspace/Thealoner/danit-final-project/441107842/.m2/org/springframework/spring-expression/5.0.9.RELEASE/spring-expression-5.0.9.RELEASE.jar:/root/./workspace/Thealoner/danit-final-project/441107842/.m2/com/h2database/h2/1.4.197/h2-1.4.197.jar:/root/./workspace/Thealoner/danit-final-project/441107842/.m2/org/springframework/boot/spring-boot-starter-test/2.0.5.RELEASE/spring-boot-starter-test-2.0.5.RELEASE.jar:/root/./workspace/Thealoner/danit-final-project/441107842/.m2/org/springframework/boot/spring-boot-test/2.0.5.RELEASE/spring-boot-test-2.0.5.RELEASE.jar:/root/./workspace/Thealoner/danit-final-project/441107842/.m2/org/springframework/boot/spring-boot-test-autoconfigure/2.0.5.RELEASE/spring-boot-test-autoconfigure-2.0.5.RELEASE.jar:/root/./workspace/Thealoner/danit-final-project/441107842/.m2/com/jayway/jsonpath/json-path/2.4.0/json-path-2.4.0.jar:/root/./workspace/Thealoner/danit-final-project/441107842/.m2/net/minidev/json-smart/2.3/json-smart-2.3.jar:/root/./workspace/Thealoner/danit-final-project/441107842/.m2/net/minidev/accessors-smart/1.2/accessors-smart-1.2.jar:/root/./workspace/Thealoner/danit-final-project/441107842/.m2/org/ow2/asm/asm/5.0.4/asm-5.0.4.jar:/root/./workspace/Thealoner/danit-final-project/441107842/.m2/org/slf4j/slf4j-api/1.7.25/slf4j-api-1.7.25.jar:/root/./workspace/Thealoner/danit-final-project/441107842/.m2/junit/junit/4.12/junit-4.12.jar:/root/./workspace/Thealoner/danit-final-project/441107842/.m2/org/assertj/assertj-core/3.9.1/assertj-core-3.9.1.jar:/root/./workspace/Thealoner/danit-final-project/441107842/.m2/org/mockito/mockito-core/2.15.0/mockito-core-2.15.0.jar:/root/./workspace/Thealoner/danit-final-project/441107842/.m2/net/bytebuddy/byte-buddy/1.7.11/byte-buddy-1.7.11.jar:/root/./workspace/Thealoner/danit-final-project/441107842/.m2/net/bytebuddy/byte-buddy-agent/1.7.11/byte-buddy-agent-1.7.11.jar:/root/./workspace/Thealoner/danit-final-project/441107842/.m2/org/objenesis/objenesis/2.6/objenesis-2.6.jar:/root/./workspace/Thealoner/danit-final-project/441107842/.m2/org/hamcrest/hamcrest-core/1.3/hamcrest-core-1.3.jar:/root/./workspace/Thealoner/danit-final-project/441107842/.m2/org/hamcrest/hamcrest-library/1.3/hamcrest-library-1.3.jar:/root/./workspace/Thealoner/danit-final-project/441107842/.m2/org/skyscreamer/jsonassert/1.5.0/jsonassert-1.5.0.jar:/root/./workspace/Thealoner/danit-final-project/441107842/.m2/com/vaadin/external/google/android-json/0.0.20131108.vaadin1/android-json-0.0.20131108.vaadin1.jar:/root/./workspace/Thealoner/danit-final-project/441107842/.m2/org/springframework/spring-core/5.0.9.RELEASE/spring-core-5.0.9.RELEASE.jar:/root/./workspace/Thealoner/danit-final-project/441107842/.m2/org/springframework/spring-jcl/5.0.9.RELEASE/spring-jcl-5.0.9.RELEASE.jar:/root/./workspace/Thealoner/danit-final-project/441107842/.m2/org/springframework/spring-test/5.0.9.RELEASE/spring-test-5.0.9.RELEASE.jar:/root/./workspace/Thealoner/danit-final-project/441107842/.m2/org/xmlunit/xmlunit-core/2.5.1/xmlunit-core-2.5.1.jar:"/>
    <property name="sun.cpu.endian" value="little"/>
    <property name="user.home" value="/root"/>
    <property name="user.language" value="en"/>
    <property name="java.specification.vendor" value="Oracle Corporation"/>
    <property name="java.home" value="/usr/lib/jvm/java-8-openjdk-amd64/jre"/>
    <property name="basedir" value="/root/workspace/Thealoner/danit-final-project/441107842"/>
    <property name="file.separator" value="/"/>
    <property name="checkstyle.skip" value="true"/>
    <property name="line.separator" value="&#10;"/>
    <property name="skip.npm" value="true"/>
    <property name="java.vm.specification.vendor" value="Oracle Corporation"/>
    <property name="java.specification.name" value="Java Platform API Specification"/>
    <property name="java.awt.graphicsenv" value="sun.awt.X11GraphicsEnvironment"/>
    <property name="skipITs" value="true"/>
    <property name="surefire.real.class.path" value="/root/workspace/Thealoner/danit-final-project/441107842/target/surefire/surefirebooter875544137193939493.jar:/root/./workspace/Thealoner/danit-final-project/441107842/.m2/org/jacoco/org.jacoco.agent/0.7.8/org.jacoco.agent-0.7.8-runtime.jar"/>
    <property name="cobertura.skip" value="true"/>
    <property name="sun.boot.class.path" value="/usr/lib/jvm/java-8-openjdk-amd64/jre/lib/resources.jar:/usr/lib/jvm/java-8-openjdk-amd64/jre/lib/rt.jar:/usr/lib/jvm/java-8-openjdk-amd64/jre/lib/sunrsasign.jar:/usr/lib/jvm/java-8-openjdk-amd64/jre/lib/jsse.jar:/usr/lib/jvm/java-8-openjdk-amd64/jre/lib/jce.jar:/usr/lib/jvm/java-8-openjdk-amd64/jre/lib/charsets.jar:/usr/lib/jvm/java-8-openjdk-amd64/jre/lib/jfr.jar:/usr/lib/jvm/java-8-openjdk-amd64/jre/classes"/>
    <property name="sun.management.compiler" value="HotSpot 64-Bit Tiered Compilers"/>
    <property name="java.runtime.version" value="1.8.0_121-8u121-b13-1~bpo8+1-b13"/>
    <property name="user.name" value="root"/>
    <property name="findbugs.skip" value="true"/>
    <property name="path.separator" value=":"/>
    <property name="os.version" value="4.9.0-6-amd64"/>
    <property name="java.endorsed.dirs" value="/usr/lib/jvm/java-8-openjdk-amd64/jre/lib/endorsed"/>
    <property name="java.runtime.name" value="OpenJDK Runtime Environment"/>
    <property name="file.encoding" value="UTF-8"/>
    <property name="java.vm.name" value="OpenJDK 64-Bit Server VM"/>
    <property name="localRepository" value="/root/./workspace/Thealoner/danit-final-project/441107842/.m2"/>
    <property name="java.vendor.url.bug" value="http://bugreport.sun.com/bugreport/"/>
    <property name="java.io.tmpdir" value="/tmp"/>
    <property name="java.version" value="1.8.0_121"/>
    <property name="user.dir" value="/root/workspace/Thealoner/danit-final-project/441107842"/>
    <property name="os.arch" value="amd64"/>
    <property name="license.skip" value="true"/>
    <property name="java.vm.specification.name" value="Java Virtual Machine Specification"/>
    <property name="java.awt.printerjob" value="sun.print.PSPrinterJob"/>
    <property name="sun.os.patch.level" value="unknown"/>
    <property name="java.library.path" value="/usr/java/packages/lib/amd64:/usr/lib/x86_64-linux-gnu/jni:/lib/x86_64-linux-gnu:/usr/lib/x86_64-linux-gnu:/usr/lib/jni:/lib:/usr/lib"/>
    <property name="java.vm.info" value="mixed mode"/>
    <property name="java.vendor" value="Oracle Corporation"/>
    <property name="java.vm.version" value="25.121-b13"/>
    <property name="java.ext.dirs" value="/usr/lib/jvm/java-8-openjdk-amd64/jre/lib/ext:/usr/java/packages/lib/ext"/>
    <property name="sun.io.unicode.encoding" value="UnicodeLittle"/>
    <property name="maven.repo.local" value="/root/./workspace/Thealoner/danit-final-project/441107842/.m2"/>
    <property name="enforcer.skip" value="true"/>
    <property name="java.class.version" value="52.0"/>
  </properties>
  <testcase name="initializationError" classname="com.danit.controllers.TestControllerTest" time="0.01">
    <error message="Unable to find a @SpringBootConfiguration, you need to use @ContextConfiguration or @SpringBootTest(classes=...) with your test" type="java.lang.IllegalStateException">java.lang.IllegalStateException: Unable to find a @SpringBootConfiguration, you need to use @ContextConfiguration or @SpringBootTest(classes=...) with your test
</error>
    <system-out><![CDATA[15:13:40.153 [main] DEBUG org.springframework.test.context.junit4.SpringJUnit4ClassRunner - SpringJUnit4ClassRunner constructor called with [class com.danit.controllers.TestControllerTest]
15:13:40.172 [main] DEBUG org.springframework.test.context.BootstrapUtils - Instantiating CacheAwareContextLoaderDelegate from class [org.springframework.test.context.cache.DefaultCacheAwareContextLoaderDelegate]
15:13:40.198 [main] DEBUG org.springframework.test.context.BootstrapUtils - Instantiating BootstrapContext using constructor [public org.springframework.test.context.support.DefaultBootstrapContext(java.lang.Class,org.springframework.test.context.CacheAwareContextLoaderDelegate)]
15:13:40.276 [main] DEBUG org.springframework.test.context.BootstrapUtils - Instantiating TestContextBootstrapper for test class [com.danit.controllers.TestControllerTest] from class [org.springframework.boot.test.context.SpringBootTestContextBootstrapper]
15:13:40.309 [main] INFO org.springframework.boot.test.context.SpringBootTestContextBootstrapper - Neither @ContextConfiguration nor @ContextHierarchy found for test class [com.danit.controllers.TestControllerTest], using SpringBootContextLoader
15:13:40.320 [main] DEBUG org.springframework.test.context.support.AbstractContextLoader - Did not detect default resource location for test class [com.danit.controllers.TestControllerTest]: class path resource [com/danit/controllers/TestControllerTest-context.xml] does not exist
15:13:40.321 [main] DEBUG org.springframework.test.context.support.AbstractContextLoader - Did not detect default resource location for test class [com.danit.controllers.TestControllerTest]: class path resource [com/danit/controllers/TestControllerTestContext.groovy] does not exist
15:13:40.321 [main] INFO org.springframework.test.context.support.AbstractContextLoader - Could not detect default resource locations for test class [com.danit.controllers.TestControllerTest]: no resource found for suffixes {-context.xml, Context.groovy}.
15:13:40.323 [main] INFO org.springframework.test.context.support.AnnotationConfigContextLoaderUtils - Could not detect default configuration classes for test class [com.danit.controllers.TestControllerTest]: TestControllerTest does not declare any static, non-private, non-final, nested classes annotated with @Configuration.
15:13:40.462 [main] DEBUG org.springframework.test.context.support.ActiveProfilesUtils - Could not find an 'annotation declaring class' for annotation type [org.springframework.test.context.ActiveProfiles] and class [com.danit.controllers.TestControllerTest]
15:13:40.485 [main] DEBUG org.springframework.core.env.StandardEnvironment - Adding PropertySource 'systemProperties' with lowest search precedence
15:13:40.486 [main] DEBUG org.springframework.core.env.StandardEnvironment - Adding PropertySource 'systemEnvironment' with lowest search precedence
15:13:40.487 [main] DEBUG org.springframework.core.env.StandardEnvironment - Initialized StandardEnvironment with PropertySources [MapPropertySource@541248718 {name='systemProperties', properties={java.runtime.name=OpenJDK Runtime Environment, sun.boot.library.path=/usr/lib/jvm/java-8-openjdk-amd64/jre/lib/amd64, java.vm.version=25.121-b13, java.vm.vendor=Oracle Corporation, java.vendor.url=http://java.oracle.com/, skip.gulp=true, path.separator=:, java.vm.name=OpenJDK 64-Bit Server VM, file.encoding.pkg=sun.io, findbugs.skip=true, sun.java.launcher=SUN_STANDARD, sun.os.patch.level=unknown, java.vm.specification.name=Java Virtual Machine Specification, user.dir=/root/workspace/Thealoner/danit-final-project/441107842, checkstyle.skip=true, java.runtime.version=1.8.0_121-8u121-b13-1~bpo8+1-b13, skip.npm=true, basedir=/root/workspace/Thealoner/danit-final-project/441107842, java.awt.graphicsenv=sun.awt.X11GraphicsEnvironment, java.endorsed.dirs=/usr/lib/jvm/java-8-openjdk-amd64/jre/lib/endorsed, os.arch=amd64, surefire.real.class.path=/root/workspace/Thealoner/danit-final-project/441107842/target/surefire/surefirebooter875544137193939493.jar:/root/./workspace/Thealoner/danit-final-project/441107842/.m2/org/jacoco/org.jacoco.agent/0.7.8/org.jacoco.agent-0.7.8-runtime.jar, gpg.skip=true, java.io.tmpdir=/tmp, line.separator=
, cobertura.skip=true, java.vm.specification.vendor=Oracle Corporation, os.name=Linux, sun.jnu.encoding=UTF-8, license.skip=true, java.library.path=/usr/java/packages/lib/amd64:/usr/lib/x86_64-linux-gnu/jni:/lib/x86_64-linux-gnu:/usr/lib/x86_64-linux-gnu:/usr/lib/jni:/lib:/usr/lib, surefire.test.class.path=/root/workspace/Thealoner/danit-final-project/441107842/target/test-classes:/root/workspace/Thealoner/danit-final-project/441107842/target/classes:/root/./workspace/Thealoner/danit-final-project/441107842/.m2/org/springframework/boot/spring-boot-starter-web/2.0.5.RELEASE/spring-boot-starter-web-2.0.5.RELEASE.jar:/root/./workspace/Thealoner/danit-final-project/441107842/.m2/org/springframework/boot/spring-boot-starter/2.0.5.RELEASE/spring-boot-starter-2.0.5.RELEASE.jar:/root/./workspace/Thealoner/danit-final-project/441107842/.m2/org/springframework/boot/spring-boot/2.0.5.RELEASE/spring-boot-2.0.5.RELEASE.jar:/root/./workspace/Thealoner/danit-final-project/441107842/.m2/org/springframework/boot/spring-boot-autoconfigure/2.0.5.RELEASE/spring-boot-autoconfigure-2.0.5.RELEASE.jar:/root/./workspace/Thealoner/danit-final-project/441107842/.m2/org/springframework/boot/spring-boot-starter-logging/2.0.5.RELEASE/spring-boot-starter-logging-2.0.5.RELEASE.jar:/root/./workspace/Thealoner/danit-final-project/441107842/.m2/ch/qos/logback/logback-classic/1.2.3/logback-classic-1.2.3.jar:/root/./workspace/Thealoner/danit-final-project/441107842/.m2/ch/qos/logback/logback-core/1.2.3/logback-core-1.2.3.jar:/root/./workspace/Thealoner/danit-final-project/441107842/.m2/org/apache/logging/log4j/log4j-to-slf4j/2.10.0/log4j-to-slf4j-2.10.0.jar:/root/./workspace/Thealoner/danit-final-project/441107842/.m2/org/apache/logging/log4j/log4j-api/2.10.0/log4j-api-2.10.0.jar:/root/./workspace/Thealoner/danit-final-project/441107842/.m2/org/slf4j/jul-to-slf4j/1.7.25/jul-to-slf4j-1.7.25.jar:/root/./workspace/Thealoner/danit-final-project/441107842/.m2/javax/annotation/javax.annotation-api/1.3.2/javax.annotation-api-1.3.2.jar:/root/./workspace/Thealoner/danit-final-project/441107842/.m2/org/yaml/snakeyaml/1.19/snakeyaml-1.19.jar:/root/./workspace/Thealoner/danit-final-project/441107842/.m2/org/springframework/boot/spring-boot-starter-json/2.0.5.RELEASE/spring-boot-starter-json-2.0.5.RELEASE.jar:/root/./workspace/Thealoner/danit-final-project/441107842/.m2/com/fasterxml/jackson/core/jackson-databind/2.9.6/jackson-databind-2.9.6.jar:/root/./workspace/Thealoner/danit-final-project/441107842/.m2/com/fasterxml/jackson/core/jackson-annotations/2.9.0/jackson-annotations-2.9.0.jar:/root/./workspace/Thealoner/danit-final-project/441107842/.m2/com/fasterxml/jackson/core/jackson-core/2.9.6/jackson-core-2.9.6.jar:/root/./workspace/Thealoner/danit-final-project/441107842/.m2/com/fasterxml/jackson/datatype/jackson-datatype-jdk8/2.9.6/jackson-datatype-jdk8-2.9.6.jar:/root/./workspace/Thealoner/danit-final-project/441107842/.m2/com/fasterxml/jackson/datatype/jackson-datatype-jsr310/2.9.6/jackson-datatype-jsr310-2.9.6.jar:/root/./workspace/Thealoner/danit-final-project/441107842/.m2/com/fasterxml/jackson/module/jackson-module-parameter-names/2.9.6/jackson-module-parameter-names-2.9.6.jar:/root/./workspace/Thealoner/danit-final-project/441107842/.m2/org/springframework/boot/spring-boot-starter-tomcat/2.0.5.RELEASE/spring-boot-starter-tomcat-2.0.5.RELEASE.jar:/root/./workspace/Thealoner/danit-final-project/441107842/.m2/org/apache/tomcat/embed/tomcat-embed-core/8.5.34/tomcat-embed-core-8.5.34.jar:/root/./workspace/Thealoner/danit-final-project/441107842/.m2/org/apache/tomcat/embed/tomcat-embed-el/8.5.34/tomcat-embed-el-8.5.34.jar:/root/./workspace/Thealoner/danit-final-project/441107842/.m2/org/apache/tomcat/embed/tomcat-embed-websocket/8.5.34/tomcat-embed-websocket-8.5.34.jar:/root/./workspace/Thealoner/danit-final-project/441107842/.m2/org/hibernate/validator/hibernate-validator/6.0.12.Final/hibernate-validator-6.0.12.Final.jar:/root/./workspace/Thealoner/danit-final-project/441107842/.m2/javax/validation/validation-api/2.0.1.Final/validation-api-2.0.1.Final.jar:/root/./workspace/Thealoner/danit-final-project/441107842/.m2/org/jboss/logging/jboss-logging/3.3.2.Final/jboss-logging-3.3.2.Final.jar:/root/./workspace/Thealoner/danit-final-project/441107842/.m2/com/fasterxml/classmate/1.3.4/classmate-1.3.4.jar:/root/./workspace/Thealoner/danit-final-project/441107842/.m2/org/springframework/spring-web/5.0.9.RELEASE/spring-web-5.0.9.RELEASE.jar:/root/./workspace/Thealoner/danit-final-project/441107842/.m2/org/springframework/spring-beans/5.0.9.RELEASE/spring-beans-5.0.9.RELEASE.jar:/root/./workspace/Thealoner/danit-final-project/441107842/.m2/org/springframework/spring-webmvc/5.0.9.RELEASE/spring-webmvc-5.0.9.RELEASE.jar:/root/./workspace/Thealoner/danit-final-project/441107842/.m2/org/springframework/spring-aop/5.0.9.RELEASE/spring-aop-5.0.9.RELEASE.jar:/root/./workspace/Thealoner/danit-final-project/441107842/.m2/org/springframework/spring-context/5.0.9.RELEASE/spring-context-5.0.9.RELEASE.jar:/root/./workspace/Thealoner/danit-final-project/441107842/.m2/org/springframework/spring-expression/5.0.9.RELEASE/spring-expression-5.0.9.RELEASE.jar:/root/./workspace/Thealoner/danit-final-project/441107842/.m2/com/h2database/h2/1.4.197/h2-1.4.197.jar:/root/./workspace/Thealoner/danit-final-project/441107842/.m2/org/springframework/boot/spring-boot-starter-test/2.0.5.RELEASE/spring-boot-starter-test-2.0.5.RELEASE.jar:/root/./workspace/Thealoner/danit-final-project/441107842/.m2/org/springframework/boot/spring-boot-test/2.0.5.RELEASE/spring-boot-test-2.0.5.RELEASE.jar:/root/./workspace/Thealoner/danit-final-project/441107842/.m2/org/springframework/boot/spring-boot-test-autoconfigure/2.0.5.RELEASE/spring-boot-test-autoconfigure-2.0.5.RELEASE.jar:/root/./workspace/Thealoner/danit-final-project/441107842/.m2/com/jayway/jsonpath/json-path/2.4.0/json-path-2.4.0.jar:/root/./workspace/Thealoner/danit-final-project/441107842/.m2/net/minidev/json-smart/2.3/json-smart-2.3.jar:/root/./workspace/Thealoner/danit-final-project/441107842/.m2/net/minidev/accessors-smart/1.2/accessors-smart-1.2.jar:/root/./workspace/Thealoner/danit-final-project/441107842/.m2/org/ow2/asm/asm/5.0.4/asm-5.0.4.jar:/root/./workspace/Thealoner/danit-final-project/441107842/.m2/org/slf4j/slf4j-api/1.7.25/slf4j-api-1.7.25.jar:/root/./workspace/Thealoner/danit-final-project/441107842/.m2/junit/junit/4.12/junit-4.12.jar:/root/./workspace/Thealoner/danit-final-project/441107842/.m2/org/assertj/assertj-core/3.9.1/assertj-core-3.9.1.jar:/root/./workspace/Thealoner/danit-final-project/441107842/.m2/org/mockito/mockito-core/2.15.0/mockito-core-2.15.0.jar:/root/./workspace/Thealoner/danit-final-project/441107842/.m2/net/bytebuddy/byte-buddy/1.7.11/byte-buddy-1.7.11.jar:/root/./workspace/Thealoner/danit-final-project/441107842/.m2/net/bytebuddy/byte-buddy-agent/1.7.11/byte-buddy-agent-1.7.11.jar:/root/./workspace/Thealoner/danit-final-project/441107842/.m2/org/objenesis/objenesis/2.6/objenesis-2.6.jar:/root/./workspace/Thealoner/danit-final-project/441107842/.m2/org/hamcrest/hamcrest-core/1.3/hamcrest-core-1.3.jar:/root/./workspace/Thealoner/danit-final-project/441107842/.m2/org/hamcrest/hamcrest-library/1.3/hamcrest-library-1.3.jar:/root/./workspace/Thealoner/danit-final-project/441107842/.m2/org/skyscreamer/jsonassert/1.5.0/jsonassert-1.5.0.jar:/root/./workspace/Thealoner/danit-final-project/441107842/.m2/com/vaadin/external/google/android-json/0.0.20131108.vaadin1/android-json-0.0.20131108.vaadin1.jar:/root/./workspace/Thealoner/danit-final-project/441107842/.m2/org/springframework/spring-core/5.0.9.RELEASE/spring-core-5.0.9.RELEASE.jar:/root/./workspace/Thealoner/danit-final-project/441107842/.m2/org/springframework/spring-jcl/5.0.9.RELEASE/spring-jcl-5.0.9.RELEASE.jar:/root/./workspace/Thealoner/danit-final-project/441107842/.m2/org/springframework/spring-test/5.0.9.RELEASE/spring-test-5.0.9.RELEASE.jar:/root/./workspace/Thealoner/danit-final-project/441107842/.m2/org/xmlunit/xmlunit-core/2.5.1/xmlunit-core-2.5.1.jar:, java.specification.name=Java Platform API Specification, java.class.version=52.0, skip.bower=true, sun.management.compiler=HotSpot 64-Bit Tiered Compilers, maven.repo.local=/root/./workspace/Thealoner/danit-final-project/441107842/.m2, os.version=4.9.0-6-amd64, user.home=/root, user.timezone=Europe/Paris, java.awt.printerjob=sun.print.PSPrinterJob, file.encoding=UTF-8, java.specification.version=1.8, java.class.path=/root/workspace/Thealoner/danit-final-project/441107842/target/test-classes:/root/workspace/Thealoner/danit-final-project/441107842/target/classes:/root/./workspace/Thealoner/danit-final-project/441107842/.m2/org/springframework/boot/spring-boot-starter-web/2.0.5.RELEASE/spring-boot-starter-web-2.0.5.RELEASE.jar:/root/./workspace/Thealoner/danit-final-project/441107842/.m2/org/springframework/boot/spring-boot-starter/2.0.5.RELEASE/spring-boot-starter-2.0.5.RELEASE.jar:/root/./workspace/Thealoner/danit-final-project/441107842/.m2/org/springframework/boot/spring-boot/2.0.5.RELEASE/spring-boot-2.0.5.RELEASE.jar:/root/./workspace/Thealoner/danit-final-project/441107842/.m2/org/springframework/boot/spring-boot-autoconfigure/2.0.5.RELEASE/spring-boot-autoconfigure-2.0.5.RELEASE.jar:/root/./workspace/Thealoner/danit-final-project/441107842/.m2/org/springframework/boot/spring-boot-starter-logging/2.0.5.RELEASE/spring-boot-starter-logging-2.0.5.RELEASE.jar:/root/./workspace/Thealoner/danit-final-project/441107842/.m2/ch/qos/logback/logback-classic/1.2.3/logback-classic-1.2.3.jar:/root/./workspace/Thealoner/danit-final-project/441107842/.m2/ch/qos/logback/logback-core/1.2.3/logback-core-1.2.3.jar:/root/./workspace/Thealoner/danit-final-project/441107842/.m2/org/apache/logging/log4j/log4j-to-slf4j/2.10.0/log4j-to-slf4j-2.10.0.jar:/root/./workspace/Thealoner/danit-final-project/441107842/.m2/org/apache/logging/log4j/log4j-api/2.10.0/log4j-api-2.10.0.jar:/root/./workspace/Thealoner/danit-final-project/441107842/.m2/org/slf4j/jul-to-slf4j/1.7.25/jul-to-slf4j-1.7.25.jar:/root/./workspace/Thealoner/danit-final-project/441107842/.m2/javax/annotation/javax.annotation-api/1.3.2/javax.annotation-api-1.3.2.jar:/root/./workspace/Thealoner/danit-final-project/441107842/.m2/org/yaml/snakeyaml/1.19/snakeyaml-1.19.jar:/root/./workspace/Thealoner/danit-final-project/441107842/.m2/org/springframework/boot/spring-boot-starter-json/2.0.5.RELEASE/spring-boot-starter-json-2.0.5.RELEASE.jar:/root/./workspace/Thealoner/danit-final-project/441107842/.m2/com/fasterxml/jackson/core/jackson-databind/2.9.6/jackson-databind-2.9.6.jar:/root/./workspace/Thealoner/danit-final-project/441107842/.m2/com/fasterxml/jackson/core/jackson-annotations/2.9.0/jackson-annotations-2.9.0.jar:/root/./workspace/Thealoner/danit-final-project/441107842/.m2/com/fasterxml/jackson/core/jackson-core/2.9.6/jackson-core-2.9.6.jar:/root/./workspace/Thealoner/danit-final-project/441107842/.m2/com/fasterxml/jackson/datatype/jackson-datatype-jdk8/2.9.6/jackson-datatype-jdk8-2.9.6.jar:/root/./workspace/Thealoner/danit-final-project/441107842/.m2/com/fasterxml/jackson/datatype/jackson-datatype-jsr310/2.9.6/jackson-datatype-jsr310-2.9.6.jar:/root/./workspace/Thealoner/danit-final-project/441107842/.m2/com/fasterxml/jackson/module/jackson-module-parameter-names/2.9.6/jackson-module-parameter-names-2.9.6.jar:/root/./workspace/Thealoner/danit-final-project/441107842/.m2/org/springframework/boot/spring-boot-starter-tomcat/2.0.5.RELEASE/spring-boot-starter-tomcat-2.0.5.RELEASE.jar:/root/./workspace/Thealoner/danit-final-project/441107842/.m2/org/apache/tomcat/embed/tomcat-embed-core/8.5.34/tomcat-embed-core-8.5.34.jar:/root/./workspace/Thealoner/danit-final-project/441107842/.m2/org/apache/tomcat/embed/tomcat-embed-el/8.5.34/tomcat-embed-el-8.5.34.jar:/root/./workspace/Thealoner/danit-final-project/441107842/.m2/org/apache/tomcat/embed/tomcat-embed-websocket/8.5.34/tomcat-embed-websocket-8.5.34.jar:/root/./workspace/Thealoner/danit-final-project/441107842/.m2/org/hibernate/validator/hibernate-validator/6.0.12.Final/hibernate-validator-6.0.12.Final.jar:/root/./workspace/Thealoner/danit-final-project/441107842/.m2/javax/validation/validation-api/2.0.1.Final/validation-api-2.0.1.Final.jar:/root/./workspace/Thealoner/danit-final-project/441107842/.m2/org/jboss/logging/jboss-logging/3.3.2.Final/jboss-logging-3.3.2.Final.jar:/root/./workspace/Thealoner/danit-final-project/441107842/.m2/com/fasterxml/classmate/1.3.4/classmate-1.3.4.jar:/root/./workspace/Thealoner/danit-final-project/441107842/.m2/org/springframework/spring-web/5.0.9.RELEASE/spring-web-5.0.9.RELEASE.jar:/root/./workspace/Thealoner/danit-final-project/441107842/.m2/org/springframework/spring-beans/5.0.9.RELEASE/spring-beans-5.0.9.RELEASE.jar:/root/./workspace/Thealoner/danit-final-project/441107842/.m2/org/springframework/spring-webmvc/5.0.9.RELEASE/spring-webmvc-5.0.9.RELEASE.jar:/root/./workspace/Thealoner/danit-final-project/441107842/.m2/org/springframework/spring-aop/5.0.9.RELEASE/spring-aop-5.0.9.RELEASE.jar:/root/./workspace/Thealoner/danit-final-project/441107842/.m2/org/springframework/spring-context/5.0.9.RELEASE/spring-context-5.0.9.RELEASE.jar:/root/./workspace/Thealoner/danit-final-project/441107842/.m2/org/springframework/spring-expression/5.0.9.RELEASE/spring-expression-5.0.9.RELEASE.jar:/root/./workspace/Thealoner/danit-final-project/441107842/.m2/com/h2database/h2/1.4.197/h2-1.4.197.jar:/root/./workspace/Thealoner/danit-final-project/441107842/.m2/org/springframework/boot/spring-boot-starter-test/2.0.5.RELEASE/spring-boot-starter-test-2.0.5.RELEASE.jar:/root/./workspace/Thealoner/danit-final-project/441107842/.m2/org/springframework/boot/spring-boot-test/2.0.5.RELEASE/spring-boot-test-2.0.5.RELEASE.jar:/root/./workspace/Thealoner/danit-final-project/441107842/.m2/org/springframework/boot/spring-boot-test-autoconfigure/2.0.5.RELEASE/spring-boot-test-autoconfigure-2.0.5.RELEASE.jar:/root/./workspace/Thealoner/danit-final-project/441107842/.m2/com/jayway/jsonpath/json-path/2.4.0/json-path-2.4.0.jar:/root/./workspace/Thealoner/danit-final-project/441107842/.m2/net/minidev/json-smart/2.3/json-smart-2.3.jar:/root/./workspace/Thealoner/danit-final-project/441107842/.m2/net/minidev/accessors-smart/1.2/accessors-smart-1.2.jar:/root/./workspace/Thealoner/danit-final-project/441107842/.m2/org/ow2/asm/asm/5.0.4/asm-5.0.4.jar:/root/./workspace/Thealoner/danit-final-project/441107842/.m2/org/slf4j/slf4j-api/1.7.25/slf4j-api-1.7.25.jar:/root/./workspace/Thealoner/danit-final-project/441107842/.m2/junit/junit/4.12/junit-4.12.jar:/root/./workspace/Thealoner/danit-final-project/441107842/.m2/org/assertj/assertj-core/3.9.1/assertj-core-3.9.1.jar:/root/./workspace/Thealoner/danit-final-project/441107842/.m2/org/mockito/mockito-core/2.15.0/mockito-core-2.15.0.jar:/root/./workspace/Thealoner/danit-final-project/441107842/.m2/net/bytebuddy/byte-buddy/1.7.11/byte-buddy-1.7.11.jar:/root/./workspace/Thealoner/danit-final-project/441107842/.m2/net/bytebuddy/byte-buddy-agent/1.7.11/byte-buddy-agent-1.7.11.jar:/root/./workspace/Thealoner/danit-final-project/441107842/.m2/org/objenesis/objenesis/2.6/objenesis-2.6.jar:/root/./workspace/Thealoner/danit-final-project/441107842/.m2/org/hamcrest/hamcrest-core/1.3/hamcrest-core-1.3.jar:/root/./workspace/Thealoner/danit-final-project/441107842/.m2/org/hamcrest/hamcrest-library/1.3/hamcrest-library-1.3.jar:/root/./workspace/Thealoner/danit-final-project/441107842/.m2/org/skyscreamer/jsonassert/1.5.0/jsonassert-1.5.0.jar:/root/./workspace/Thealoner/danit-final-project/441107842/.m2/com/vaadin/external/google/android-json/0.0.20131108.vaadin1/android-json-0.0.20131108.vaadin1.jar:/root/./workspace/Thealoner/danit-final-project/441107842/.m2/org/springframework/spring-core/5.0.9.RELEASE/spring-core-5.0.9.RELEASE.jar:/root/./workspace/Thealoner/danit-final-project/441107842/.m2/org/springframework/spring-jcl/5.0.9.RELEASE/spring-jcl-5.0.9.RELEASE.jar:/root/./workspace/Thealoner/danit-final-project/441107842/.m2/org/springframework/spring-test/5.0.9.RELEASE/spring-test-5.0.9.RELEASE.jar:/root/./workspace/Thealoner/danit-final-project/441107842/.m2/org/xmlunit/xmlunit-core/2.5.1/xmlunit-core-2.5.1.jar:, user.name=root, skipITs=true, java.vm.specification.version=1.8, sun.java.command=/root/workspace/Thealoner/danit-final-project/441107842/target/surefire/surefirebooter875544137193939493.jar /root/workspace/Thealoner/danit-final-project/441107842/target/surefire 2018-10-14T15-13-37_372-jvmRun1 surefire1367323485152899668tmp surefire_06905204849505638107tmp, java.home=/usr/lib/jvm/java-8-openjdk-amd64/jre, sun.arch.data.model=64, user.language=en, java.specification.vendor=Oracle Corporation, dependency-check.skip=true, awt.toolkit=sun.awt.X11.XToolkit, java.vm.info=mixed mode, java.version=1.8.0_121, java.ext.dirs=/usr/lib/jvm/java-8-openjdk-amd64/jre/lib/ext:/usr/java/packages/lib/ext, sun.boot.class.path=/usr/lib/jvm/java-8-openjdk-amd64/jre/lib/resources.jar:/usr/lib/jvm/java-8-openjdk-amd64/jre/lib/rt.jar:/usr/lib/jvm/java-8-openjdk-amd64/jre/lib/sunrsasign.jar:/usr/lib/jvm/java-8-openjdk-amd64/jre/lib/jsse.jar:/usr/lib/jvm/java-8-openjdk-amd64/jre/lib/jce.jar:/usr/lib/jvm/java-8-openjdk-amd64/jre/lib/charsets.jar:/usr/lib/jvm/java-8-openjdk-amd64/jre/lib/jfr.jar:/usr/lib/jvm/java-8-openjdk-amd64/jre/classes, rat.skip=true, enforcer.skip=true, java.vendor=Oracle Corporation, localRepository=/root/./workspace/Thealoner/danit-final-project/441107842/.m2, file.separator=/, java.vendor.url.bug=http://bugreport.sun.com/bugreport/, sun.io.unicode.encoding=UnicodeLittle, sun.cpu.endian=little, sun.cpu.isalist=}}, SystemEnvironmentPropertySource@551421413 {name='systemEnvironment', properties={PATH=/usr/local/sbin:/usr/local/bin:/usr/sbin:/usr/bin:/sbin:/bin, JAVA_HOME=/usr/lib/jvm/java-8-openjdk-amd64, NOTIFY_TO=, CA_CERTIFICATES_JAVA_VERSION=20161107~bpo8+1, GITHUB_USEREMAIL=, MONGODB_HOST=, BUILD_ID=, LANG=C.UTF-8, GITHUB_USERNAME=, MAVEN_HOME=/usr/share/maven, SMTP_SERVER=, MONGODB_NAME=, REPAIR_MODE=bears, PWD=/root/workspace/Thealoner/danit-final-project/441107842, JAVA_VERSION=8u121, GITHUB_OAUTH=, LOG_LEVEL=DEBUG, MAVEN_CMD_LINE_ARGS=/root/.m2 -B -D enforcer.skip=true -D dependency-check.skip=true -D skipITs=true -D cobertura.skip=true -D maven.repo.local=/root/./workspace/Thealoner/danit-final-project/441107842/.m2 -D rat.skip=true -D findbugs.skip=true -D skip.bower=true -D gpg.skip=true -D checkstyle.skip=true -D skip.gulp=true -D license.skip=true -D skip.npm=true test, _=/usr/bin/java, OUTPUT=, MAVEN_TERMINATE_CMD=on, MAVEN_CONFIG=/root/.m2, MAVEN_PROJECTBASEDIR=/root/workspace/Thealoner/danit-final-project/441107842, OLDPWD=/root/workspace/Thealoner/danit-final-project/441107842, LOG_FILENAME=repairnator-pipeline_2018-10-14_1512_441107842_a4c2cd37-6f31-436a-b44a-00ee6786fa4c_rt, RUN_ID=, NEXT_BUILD_ID=, HOSTNAME=spirals-bears, JAVA_DEBIAN_VERSION=8u121-b13-1~bpo8+1, M2_HOME=/usr/share/maven, HOME=/root, SHLVL=1, PUSH_URL=}}]
15:13:40.526 [main] DEBUG org.springframework.core.io.support.PathMatchingResourcePatternResolver - Resolved classpath location [com/danit/controllers/] to resources [URL [file:/root/workspace/Thealoner/danit-final-project/441107842/target/test-classes/com/danit/controllers/], URL [file:/root/workspace/Thealoner/danit-final-project/441107842/target/classes/com/danit/controllers/]]
15:13:40.527 [main] DEBUG org.springframework.core.io.support.PathMatchingResourcePatternResolver - Looking for matching resources in directory tree [/root/workspace/Thealoner/danit-final-project/441107842/target/test-classes/com/danit/controllers]
15:13:40.527 [main] DEBUG org.springframework.core.io.support.PathMatchingResourcePatternResolver - Searching directory [/root/workspace/Thealoner/danit-final-project/441107842/target/test-classes/com/danit/controllers] for files matching pattern [/root/workspace/Thealoner/danit-final-project/441107842/target/test-classes/com/danit/controllers/*.class]
15:13:40.539 [main] DEBUG org.springframework.core.io.support.PathMatchingResourcePatternResolver - Looking for matching resources in directory tree [/root/workspace/Thealoner/danit-final-project/441107842/target/classes/com/danit/controllers]
15:13:40.539 [main] DEBUG org.springframework.core.io.support.PathMatchingResourcePatternResolver - Searching directory [/root/workspace/Thealoner/danit-final-project/441107842/target/classes/com/danit/controllers] for files matching pattern [/root/workspace/Thealoner/danit-final-project/441107842/target/classes/com/danit/controllers/*.class]
15:13:40.540 [main] DEBUG org.springframework.core.io.support.PathMatchingResourcePatternResolver - Resolved location pattern [classpath*:com/danit/controllers/*.class] to resources [file [/root/workspace/Thealoner/danit-final-project/441107842/target/test-classes/com/danit/controllers/TestControllerTest.class], file [/root/workspace/Thealoner/danit-final-project/441107842/target/classes/com/danit/controllers/TestController.class]]
15:13:40.704 [main] DEBUG org.springframework.core.io.support.PathMatchingResourcePatternResolver - Resolved classpath location [com/danit/] to resources [URL [file:/root/workspace/Thealoner/danit-final-project/441107842/target/test-classes/com/danit/], URL [file:/root/workspace/Thealoner/danit-final-project/441107842/target/classes/com/danit/]]
15:13:40.705 [main] DEBUG org.springframework.core.io.support.PathMatchingResourcePatternResolver - Looking for matching resources in directory tree [/root/workspace/Thealoner/danit-final-project/441107842/target/test-classes/com/danit]
15:13:40.705 [main] DEBUG org.springframework.core.io.support.PathMatchingResourcePatternResolver - Searching directory [/root/workspace/Thealoner/danit-final-project/441107842/target/test-classes/com/danit] for files matching pattern [/root/workspace/Thealoner/danit-final-project/441107842/target/test-classes/com/danit/*.class]
15:13:40.705 [main] DEBUG org.springframework.core.io.support.PathMatchingResourcePatternResolver - Looking for matching resources in directory tree [/root/workspace/Thealoner/danit-final-project/441107842/target/classes/com/danit]
15:13:40.706 [main] DEBUG org.springframework.core.io.support.PathMatchingResourcePatternResolver - Searching directory [/root/workspace/Thealoner/danit-final-project/441107842/target/classes/com/danit] for files matching pattern [/root/workspace/Thealoner/danit-final-project/441107842/target/classes/com/danit/*.class]
15:13:40.707 [main] DEBUG org.springframework.core.io.support.PathMatchingResourcePatternResolver - Resolved location pattern [classpath*:com/danit/*.class] to resources []
15:13:40.709 [main] DEBUG org.springframework.core.io.support.PathMatchingResourcePatternResolver - Resolved classpath location [com/] to resources [URL [file:/root/workspace/Thealoner/danit-final-project/441107842/target/test-classes/com/], URL [file:/root/workspace/Thealoner/danit-final-project/441107842/target/classes/com/], URL [jar:file:/root/./workspace/Thealoner/danit-final-project/441107842/.m2/com/fasterxml/jackson/core/jackson-databind/2.9.6/jackson-databind-2.9.6.jar!/com/], URL [jar:file:/root/./workspace/Thealoner/danit-final-project/441107842/.m2/com/fasterxml/jackson/core/jackson-annotations/2.9.0/jackson-annotations-2.9.0.jar!/com/], URL [jar:file:/root/./workspace/Thealoner/danit-final-project/441107842/.m2/com/fasterxml/jackson/core/jackson-core/2.9.6/jackson-core-2.9.6.jar!/com/], URL [jar:file:/root/./workspace/Thealoner/danit-final-project/441107842/.m2/com/fasterxml/jackson/datatype/jackson-datatype-jdk8/2.9.6/jackson-datatype-jdk8-2.9.6.jar!/com/], URL [jar:file:/root/./workspace/Thealoner/danit-final-project/441107842/.m2/com/fasterxml/jackson/datatype/jackson-datatype-jsr310/2.9.6/jackson-datatype-jsr310-2.9.6.jar!/com/], URL [jar:file:/root/./workspace/Thealoner/danit-final-project/441107842/.m2/com/fasterxml/jackson/module/jackson-module-parameter-names/2.9.6/jackson-module-parameter-names-2.9.6.jar!/com/], URL [jar:file:/root/./workspace/Thealoner/danit-final-project/441107842/.m2/com/fasterxml/classmate/1.3.4/classmate-1.3.4.jar!/com/], URL [jar:file:/root/./workspace/Thealoner/danit-final-project/441107842/.m2/com/jayway/jsonpath/json-path/2.4.0/json-path-2.4.0.jar!/com/], URL [jar:file:/root/workspace/Thealoner/danit-final-project/441107842/.m2/org/jacoco/org.jacoco.agent/0.7.8/org.jacoco.agent-0.7.8-runtime.jar!/com/]]
15:13:40.710 [main] DEBUG org.springframework.core.io.support.PathMatchingResourcePatternResolver - Looking for matching resources in directory tree [/root/workspace/Thealoner/danit-final-project/441107842/target/test-classes/com]
15:13:40.710 [main] DEBUG org.springframework.core.io.support.PathMatchingResourcePatternResolver - Searching directory [/root/workspace/Thealoner/danit-final-project/441107842/target/test-classes/com] for files matching pattern [/root/workspace/Thealoner/danit-final-project/441107842/target/test-classes/com/*.class]
15:13:40.711 [main] DEBUG org.springframework.core.io.support.PathMatchingResourcePatternResolver - Looking for matching resources in directory tree [/root/workspace/Thealoner/danit-final-project/441107842/target/classes/com]
15:13:40.711 [main] DEBUG org.springframework.core.io.support.PathMatchingResourcePatternResolver - Searching directory [/root/workspace/Thealoner/danit-final-project/441107842/target/classes/com] for files matching pattern [/root/workspace/Thealoner/danit-final-project/441107842/target/classes/com/*.class]
15:13:40.712 [main] DEBUG org.springframework.core.io.support.PathMatchingResourcePatternResolver - Looking for matching resources in jar file [file:/root/./workspace/Thealoner/danit-final-project/441107842/.m2/com/fasterxml/jackson/core/jackson-databind/2.9.6/jackson-databind-2.9.6.jar]
15:13:40.740 [main] DEBUG org.springframework.core.io.support.PathMatchingResourcePatternResolver - Looking for matching resources in jar file [file:/root/./workspace/Thealoner/danit-final-project/441107842/.m2/com/fasterxml/jackson/core/jackson-annotations/2.9.0/jackson-annotations-2.9.0.jar]
15:13:40.741 [main] DEBUG org.springframework.core.io.support.PathMatchingResourcePatternResolver - Looking for matching resources in jar file [file:/root/./workspace/Thealoner/danit-final-project/441107842/.m2/com/fasterxml/jackson/core/jackson-core/2.9.6/jackson-core-2.9.6.jar]
15:13:40.743 [main] DEBUG org.springframework.core.io.support.PathMatchingResourcePatternResolver - Looking for matching resources in jar file [file:/root/./workspace/Thealoner/danit-final-project/441107842/.m2/com/fasterxml/jackson/datatype/jackson-datatype-jdk8/2.9.6/jackson-datatype-jdk8-2.9.6.jar]
15:13:40.743 [main] DEBUG org.springframework.core.io.support.PathMatchingResourcePatternResolver - Looking for matching resources in jar file [file:/root/./workspace/Thealoner/danit-final-project/441107842/.m2/com/fasterxml/jackson/datatype/jackson-datatype-jsr310/2.9.6/jackson-datatype-jsr310-2.9.6.jar]
15:13:40.744 [main] DEBUG org.springframework.core.io.support.PathMatchingResourcePatternResolver - Looking for matching resources in jar file [file:/root/./workspace/Thealoner/danit-final-project/441107842/.m2/com/fasterxml/jackson/module/jackson-module-parameter-names/2.9.6/jackson-module-parameter-names-2.9.6.jar]
15:13:40.745 [main] DEBUG org.springframework.core.io.support.PathMatchingResourcePatternResolver - Looking for matching resources in jar file [file:/root/./workspace/Thealoner/danit-final-project/441107842/.m2/com/fasterxml/classmate/1.3.4/classmate-1.3.4.jar]
15:13:40.745 [main] DEBUG org.springframework.core.io.support.PathMatchingResourcePatternResolver - Looking for matching resources in jar file [file:/root/./workspace/Thealoner/danit-final-project/441107842/.m2/com/jayway/jsonpath/json-path/2.4.0/json-path-2.4.0.jar]
15:13:40.748 [main] DEBUG org.springframework.core.io.support.PathMatchingResourcePatternResolver - Looking for matching resources in jar file [file:/root/workspace/Thealoner/danit-final-project/441107842/.m2/org/jacoco/org.jacoco.agent/0.7.8/org.jacoco.agent-0.7.8-runtime.jar]
15:13:40.748 [main] DEBUG org.springframework.core.io.support.PathMatchingResourcePatternResolver - Resolved location pattern [classpath*:com/*.class] to resources []
]]></system-out>
  </testcase>
</testsuite>