<?xml version="1.0" encoding="UTF-8"?>
<testsuite xmlns:xsi="http://www.w3.org/2001/XMLSchema-instance" xsi:noNamespaceSchemaLocation="https://maven.apache.org/surefire/maven-surefire-plugin/xsd/surefire-test-report.xsd" name="org.vea.tutorial.controllers.ProductListControllerTest" time="0.942" tests="3" errors="0" skipped="0" failures="1">
  <properties>
    <property name="awt.toolkit" value="sun.awt.X11.XToolkit"/>
    <property name="file.encoding.pkg" value="sun.io"/>
    <property name="java.specification.version" value="1.8"/>
    <property name="sun.cpu.isalist" value=""/>
    <property name="sun.jnu.encoding" value="UTF-8"/>
    <property name="java.class.path" value="/root/workspace/volkoedov/thymeleaf-tutorial/437442067/tutorial/target/test-classes:/root/workspace/volkoedov/thymeleaf-tutorial/437442067/tutorial/target/classes:/root/./workspace/volkoedov/thymeleaf-tutorial/437442067/.m2/org/springframework/boot/spring-boot-starter-thymeleaf/2.0.4.RELEASE/spring-boot-starter-thymeleaf-2.0.4.RELEASE.jar:/root/./workspace/volkoedov/thymeleaf-tutorial/437442067/.m2/org/springframework/boot/spring-boot-starter/2.0.4.RELEASE/spring-boot-starter-2.0.4.RELEASE.jar:/root/./workspace/volkoedov/thymeleaf-tutorial/437442067/.m2/org/springframework/boot/spring-boot-starter-logging/2.0.4.RELEASE/spring-boot-starter-logging-2.0.4.RELEASE.jar:/root/./workspace/volkoedov/thymeleaf-tutorial/437442067/.m2/ch/qos/logback/logback-classic/1.2.3/logback-classic-1.2.3.jar:/root/./workspace/volkoedov/thymeleaf-tutorial/437442067/.m2/ch/qos/logback/logback-core/1.2.3/logback-core-1.2.3.jar:/root/./workspace/volkoedov/thymeleaf-tutorial/437442067/.m2/org/apache/logging/log4j/log4j-to-slf4j/2.10.0/log4j-to-slf4j-2.10.0.jar:/root/./workspace/volkoedov/thymeleaf-tutorial/437442067/.m2/org/apache/logging/log4j/log4j-api/2.10.0/log4j-api-2.10.0.jar:/root/./workspace/volkoedov/thymeleaf-tutorial/437442067/.m2/org/slf4j/jul-to-slf4j/1.7.25/jul-to-slf4j-1.7.25.jar:/root/./workspace/volkoedov/thymeleaf-tutorial/437442067/.m2/javax/annotation/javax.annotation-api/1.3.2/javax.annotation-api-1.3.2.jar:/root/./workspace/volkoedov/thymeleaf-tutorial/437442067/.m2/org/yaml/snakeyaml/1.19/snakeyaml-1.19.jar:/root/./workspace/volkoedov/thymeleaf-tutorial/437442067/.m2/org/thymeleaf/thymeleaf-spring5/3.0.9.RELEASE/thymeleaf-spring5-3.0.9.RELEASE.jar:/root/./workspace/volkoedov/thymeleaf-tutorial/437442067/.m2/org/thymeleaf/thymeleaf/3.0.9.RELEASE/thymeleaf-3.0.9.RELEASE.jar:/root/./workspace/volkoedov/thymeleaf-tutorial/437442067/.m2/org/attoparser/attoparser/2.0.4.RELEASE/attoparser-2.0.4.RELEASE.jar:/root/./workspace/volkoedov/thymeleaf-tutorial/437442067/.m2/org/unbescape/unbescape/1.1.5.RELEASE/unbescape-1.1.5.RELEASE.jar:/root/./workspace/volkoedov/thymeleaf-tutorial/437442067/.m2/org/slf4j/slf4j-api/1.7.25/slf4j-api-1.7.25.jar:/root/./workspace/volkoedov/thymeleaf-tutorial/437442067/.m2/org/thymeleaf/extras/thymeleaf-extras-java8time/3.0.1.RELEASE/thymeleaf-extras-java8time-3.0.1.RELEASE.jar:/root/./workspace/volkoedov/thymeleaf-tutorial/437442067/.m2/org/springframework/boot/spring-boot-starter-web/2.0.4.RELEASE/spring-boot-starter-web-2.0.4.RELEASE.jar:/root/./workspace/volkoedov/thymeleaf-tutorial/437442067/.m2/org/springframework/boot/spring-boot-starter-json/2.0.4.RELEASE/spring-boot-starter-json-2.0.4.RELEASE.jar:/root/./workspace/volkoedov/thymeleaf-tutorial/437442067/.m2/com/fasterxml/jackson/core/jackson-databind/2.9.6/jackson-databind-2.9.6.jar:/root/./workspace/volkoedov/thymeleaf-tutorial/437442067/.m2/com/fasterxml/jackson/core/jackson-annotations/2.9.0/jackson-annotations-2.9.0.jar:/root/./workspace/volkoedov/thymeleaf-tutorial/437442067/.m2/com/fasterxml/jackson/core/jackson-core/2.9.6/jackson-core-2.9.6.jar:/root/./workspace/volkoedov/thymeleaf-tutorial/437442067/.m2/com/fasterxml/jackson/datatype/jackson-datatype-jdk8/2.9.6/jackson-datatype-jdk8-2.9.6.jar:/root/./workspace/volkoedov/thymeleaf-tutorial/437442067/.m2/com/fasterxml/jackson/datatype/jackson-datatype-jsr310/2.9.6/jackson-datatype-jsr310-2.9.6.jar:/root/./workspace/volkoedov/thymeleaf-tutorial/437442067/.m2/com/fasterxml/jackson/module/jackson-module-parameter-names/2.9.6/jackson-module-parameter-names-2.9.6.jar:/root/./workspace/volkoedov/thymeleaf-tutorial/437442067/.m2/org/springframework/boot/spring-boot-starter-tomcat/2.0.4.RELEASE/spring-boot-starter-tomcat-2.0.4.RELEASE.jar:/root/./workspace/volkoedov/thymeleaf-tutorial/437442067/.m2/org/apache/tomcat/embed/tomcat-embed-core/8.5.32/tomcat-embed-core-8.5.32.jar:/root/./workspace/volkoedov/thymeleaf-tutorial/437442067/.m2/org/apache/tomcat/embed/tomcat-embed-el/8.5.32/tomcat-embed-el-8.5.32.jar:/root/./workspace/volkoedov/thymeleaf-tutorial/437442067/.m2/org/apache/tomcat/embed/tomcat-embed-websocket/8.5.32/tomcat-embed-websocket-8.5.32.jar:/root/./workspace/volkoedov/thymeleaf-tutorial/437442067/.m2/org/hibernate/validator/hibernate-validator/6.0.11.Final/hibernate-validator-6.0.11.Final.jar:/root/./workspace/volkoedov/thymeleaf-tutorial/437442067/.m2/javax/validation/validation-api/2.0.1.Final/validation-api-2.0.1.Final.jar:/root/./workspace/volkoedov/thymeleaf-tutorial/437442067/.m2/org/jboss/logging/jboss-logging/3.3.2.Final/jboss-logging-3.3.2.Final.jar:/root/./workspace/volkoedov/thymeleaf-tutorial/437442067/.m2/com/fasterxml/classmate/1.3.4/classmate-1.3.4.jar:/root/./workspace/volkoedov/thymeleaf-tutorial/437442067/.m2/org/springframework/spring-web/5.0.8.RELEASE/spring-web-5.0.8.RELEASE.jar:/root/./workspace/volkoedov/thymeleaf-tutorial/437442067/.m2/org/springframework/spring-beans/5.0.8.RELEASE/spring-beans-5.0.8.RELEASE.jar:/root/./workspace/volkoedov/thymeleaf-tutorial/437442067/.m2/org/springframework/spring-webmvc/5.0.8.RELEASE/spring-webmvc-5.0.8.RELEASE.jar:/root/./workspace/volkoedov/thymeleaf-tutorial/437442067/.m2/org/springframework/spring-aop/5.0.8.RELEASE/spring-aop-5.0.8.RELEASE.jar:/root/./workspace/volkoedov/thymeleaf-tutorial/437442067/.m2/org/springframework/spring-context/5.0.8.RELEASE/spring-context-5.0.8.RELEASE.jar:/root/./workspace/volkoedov/thymeleaf-tutorial/437442067/.m2/org/springframework/spring-expression/5.0.8.RELEASE/spring-expression-5.0.8.RELEASE.jar:/root/./workspace/volkoedov/thymeleaf-tutorial/437442067/.m2/org/springframework/boot/spring-boot-devtools/2.0.4.RELEASE/spring-boot-devtools-2.0.4.RELEASE.jar:/root/./workspace/volkoedov/thymeleaf-tutorial/437442067/.m2/org/springframework/boot/spring-boot/2.0.4.RELEASE/spring-boot-2.0.4.RELEASE.jar:/root/./workspace/volkoedov/thymeleaf-tutorial/437442067/.m2/org/springframework/boot/spring-boot-autoconfigure/2.0.4.RELEASE/spring-boot-autoconfigure-2.0.4.RELEASE.jar:/root/./workspace/volkoedov/thymeleaf-tutorial/437442067/.m2/org/springframework/boot/spring-boot-starter-test/2.0.4.RELEASE/spring-boot-starter-test-2.0.4.RELEASE.jar:/root/./workspace/volkoedov/thymeleaf-tutorial/437442067/.m2/org/springframework/boot/spring-boot-test/2.0.4.RELEASE/spring-boot-test-2.0.4.RELEASE.jar:/root/./workspace/volkoedov/thymeleaf-tutorial/437442067/.m2/org/springframework/boot/spring-boot-test-autoconfigure/2.0.4.RELEASE/spring-boot-test-autoconfigure-2.0.4.RELEASE.jar:/root/./workspace/volkoedov/thymeleaf-tutorial/437442067/.m2/com/jayway/jsonpath/json-path/2.4.0/json-path-2.4.0.jar:/root/./workspace/volkoedov/thymeleaf-tutorial/437442067/.m2/net/minidev/json-smart/2.3/json-smart-2.3.jar:/root/./workspace/volkoedov/thymeleaf-tutorial/437442067/.m2/net/minidev/accessors-smart/1.2/accessors-smart-1.2.jar:/root/./workspace/volkoedov/thymeleaf-tutorial/437442067/.m2/org/ow2/asm/asm/5.0.4/asm-5.0.4.jar:/root/./workspace/volkoedov/thymeleaf-tutorial/437442067/.m2/junit/junit/4.12/junit-4.12.jar:/root/./workspace/volkoedov/thymeleaf-tutorial/437442067/.m2/org/assertj/assertj-core/3.9.1/assertj-core-3.9.1.jar:/root/./workspace/volkoedov/thymeleaf-tutorial/437442067/.m2/org/mockito/mockito-core/2.15.0/mockito-core-2.15.0.jar:/root/./workspace/volkoedov/thymeleaf-tutorial/437442067/.m2/net/bytebuddy/byte-buddy/1.7.11/byte-buddy-1.7.11.jar:/root/./workspace/volkoedov/thymeleaf-tutorial/437442067/.m2/net/bytebuddy/byte-buddy-agent/1.7.11/byte-buddy-agent-1.7.11.jar:/root/./workspace/volkoedov/thymeleaf-tutorial/437442067/.m2/org/objenesis/objenesis/2.6/objenesis-2.6.jar:/root/./workspace/volkoedov/thymeleaf-tutorial/437442067/.m2/org/hamcrest/hamcrest-core/1.3/hamcrest-core-1.3.jar:/root/./workspace/volkoedov/thymeleaf-tutorial/437442067/.m2/org/hamcrest/hamcrest-library/1.3/hamcrest-library-1.3.jar:/root/./workspace/volkoedov/thymeleaf-tutorial/437442067/.m2/org/skyscreamer/jsonassert/1.5.0/jsonassert-1.5.0.jar:/root/./workspace/volkoedov/thymeleaf-tutorial/437442067/.m2/com/vaadin/external/google/android-json/0.0.20131108.vaadin1/android-json-0.0.20131108.vaadin1.jar:/root/./workspace/volkoedov/thymeleaf-tutorial/437442067/.m2/org/springframework/spring-core/5.0.8.RELEASE/spring-core-5.0.8.RELEASE.jar:/root/./workspace/volkoedov/thymeleaf-tutorial/437442067/.m2/org/springframework/spring-jcl/5.0.8.RELEASE/spring-jcl-5.0.8.RELEASE.jar:/root/./workspace/volkoedov/thymeleaf-tutorial/437442067/.m2/org/springframework/spring-test/5.0.8.RELEASE/spring-test-5.0.8.RELEASE.jar:/root/./workspace/volkoedov/thymeleaf-tutorial/437442067/.m2/org/xmlunit/xmlunit-core/2.5.1/xmlunit-core-2.5.1.jar:/root/./workspace/volkoedov/thymeleaf-tutorial/437442067/.m2/org/immutables/value/2.7.1/value-2.7.1.jar:/root/./workspace/volkoedov/thymeleaf-tutorial/437442067/.m2/com/google/code/findbugs/jsr305/3.0.0/jsr305-3.0.0.jar:"/>
    <property name="java.vm.vendor" value="Oracle Corporation"/>
    <property name="skip.bower" value="true"/>
    <property name="sun.arch.data.model" value="64"/>
    <property name="java.vendor.url" value="http://java.oracle.com/"/>
    <property name="user.timezone" value=""/>
    <property name="java.vm.specification.version" value="1.8"/>
    <property name="os.name" value="Linux"/>
    <property name="rat.skip" value="true"/>
    <property name="gpg.skip" value="true"/>
    <property name="sun.java.launcher" value="SUN_STANDARD"/>
    <property name="sun.boot.library.path" value="/usr/lib/jvm/java-8-openjdk-amd64/jre/lib/amd64"/>
    <property name="skip.gulp" value="true"/>
    <property name="sun.java.command" value="/root/workspace/volkoedov/thymeleaf-tutorial/437442067/tutorial/target/surefire/surefirebooter1096798327300381695.jar /root/workspace/volkoedov/thymeleaf-tutorial/437442067/tutorial/target/surefire 2018-10-08T06-12-01_366-jvmRun1 surefire2068483052839026591tmp surefire_0917507263017973694tmp"/>
    <property name="dependency-check.skip" value="true"/>
    <property name="surefire.test.class.path" value="/root/workspace/volkoedov/thymeleaf-tutorial/437442067/tutorial/target/test-classes:/root/workspace/volkoedov/thymeleaf-tutorial/437442067/tutorial/target/classes:/root/./workspace/volkoedov/thymeleaf-tutorial/437442067/.m2/org/springframework/boot/spring-boot-starter-thymeleaf/2.0.4.RELEASE/spring-boot-starter-thymeleaf-2.0.4.RELEASE.jar:/root/./workspace/volkoedov/thymeleaf-tutorial/437442067/.m2/org/springframework/boot/spring-boot-starter/2.0.4.RELEASE/spring-boot-starter-2.0.4.RELEASE.jar:/root/./workspace/volkoedov/thymeleaf-tutorial/437442067/.m2/org/springframework/boot/spring-boot-starter-logging/2.0.4.RELEASE/spring-boot-starter-logging-2.0.4.RELEASE.jar:/root/./workspace/volkoedov/thymeleaf-tutorial/437442067/.m2/ch/qos/logback/logback-classic/1.2.3/logback-classic-1.2.3.jar:/root/./workspace/volkoedov/thymeleaf-tutorial/437442067/.m2/ch/qos/logback/logback-core/1.2.3/logback-core-1.2.3.jar:/root/./workspace/volkoedov/thymeleaf-tutorial/437442067/.m2/org/apache/logging/log4j/log4j-to-slf4j/2.10.0/log4j-to-slf4j-2.10.0.jar:/root/./workspace/volkoedov/thymeleaf-tutorial/437442067/.m2/org/apache/logging/log4j/log4j-api/2.10.0/log4j-api-2.10.0.jar:/root/./workspace/volkoedov/thymeleaf-tutorial/437442067/.m2/org/slf4j/jul-to-slf4j/1.7.25/jul-to-slf4j-1.7.25.jar:/root/./workspace/volkoedov/thymeleaf-tutorial/437442067/.m2/javax/annotation/javax.annotation-api/1.3.2/javax.annotation-api-1.3.2.jar:/root/./workspace/volkoedov/thymeleaf-tutorial/437442067/.m2/org/yaml/snakeyaml/1.19/snakeyaml-1.19.jar:/root/./workspace/volkoedov/thymeleaf-tutorial/437442067/.m2/org/thymeleaf/thymeleaf-spring5/3.0.9.RELEASE/thymeleaf-spring5-3.0.9.RELEASE.jar:/root/./workspace/volkoedov/thymeleaf-tutorial/437442067/.m2/org/thymeleaf/thymeleaf/3.0.9.RELEASE/thymeleaf-3.0.9.RELEASE.jar:/root/./workspace/volkoedov/thymeleaf-tutorial/437442067/.m2/org/attoparser/attoparser/2.0.4.RELEASE/attoparser-2.0.4.RELEASE.jar:/root/./workspace/volkoedov/thymeleaf-tutorial/437442067/.m2/org/unbescape/unbescape/1.1.5.RELEASE/unbescape-1.1.5.RELEASE.jar:/root/./workspace/volkoedov/thymeleaf-tutorial/437442067/.m2/org/slf4j/slf4j-api/1.7.25/slf4j-api-1.7.25.jar:/root/./workspace/volkoedov/thymeleaf-tutorial/437442067/.m2/org/thymeleaf/extras/thymeleaf-extras-java8time/3.0.1.RELEASE/thymeleaf-extras-java8time-3.0.1.RELEASE.jar:/root/./workspace/volkoedov/thymeleaf-tutorial/437442067/.m2/org/springframework/boot/spring-boot-starter-web/2.0.4.RELEASE/spring-boot-starter-web-2.0.4.RELEASE.jar:/root/./workspace/volkoedov/thymeleaf-tutorial/437442067/.m2/org/springframework/boot/spring-boot-starter-json/2.0.4.RELEASE/spring-boot-starter-json-2.0.4.RELEASE.jar:/root/./workspace/volkoedov/thymeleaf-tutorial/437442067/.m2/com/fasterxml/jackson/core/jackson-databind/2.9.6/jackson-databind-2.9.6.jar:/root/./workspace/volkoedov/thymeleaf-tutorial/437442067/.m2/com/fasterxml/jackson/core/jackson-annotations/2.9.0/jackson-annotations-2.9.0.jar:/root/./workspace/volkoedov/thymeleaf-tutorial/437442067/.m2/com/fasterxml/jackson/core/jackson-core/2.9.6/jackson-core-2.9.6.jar:/root/./workspace/volkoedov/thymeleaf-tutorial/437442067/.m2/com/fasterxml/jackson/datatype/jackson-datatype-jdk8/2.9.6/jackson-datatype-jdk8-2.9.6.jar:/root/./workspace/volkoedov/thymeleaf-tutorial/437442067/.m2/com/fasterxml/jackson/datatype/jackson-datatype-jsr310/2.9.6/jackson-datatype-jsr310-2.9.6.jar:/root/./workspace/volkoedov/thymeleaf-tutorial/437442067/.m2/com/fasterxml/jackson/module/jackson-module-parameter-names/2.9.6/jackson-module-parameter-names-2.9.6.jar:/root/./workspace/volkoedov/thymeleaf-tutorial/437442067/.m2/org/springframework/boot/spring-boot-starter-tomcat/2.0.4.RELEASE/spring-boot-starter-tomcat-2.0.4.RELEASE.jar:/root/./workspace/volkoedov/thymeleaf-tutorial/437442067/.m2/org/apache/tomcat/embed/tomcat-embed-core/8.5.32/tomcat-embed-core-8.5.32.jar:/root/./workspace/volkoedov/thymeleaf-tutorial/437442067/.m2/org/apache/tomcat/embed/tomcat-embed-el/8.5.32/tomcat-embed-el-8.5.32.jar:/root/./workspace/volkoedov/thymeleaf-tutorial/437442067/.m2/org/apache/tomcat/embed/tomcat-embed-websocket/8.5.32/tomcat-embed-websocket-8.5.32.jar:/root/./workspace/volkoedov/thymeleaf-tutorial/437442067/.m2/org/hibernate/validator/hibernate-validator/6.0.11.Final/hibernate-validator-6.0.11.Final.jar:/root/./workspace/volkoedov/thymeleaf-tutorial/437442067/.m2/javax/validation/validation-api/2.0.1.Final/validation-api-2.0.1.Final.jar:/root/./workspace/volkoedov/thymeleaf-tutorial/437442067/.m2/org/jboss/logging/jboss-logging/3.3.2.Final/jboss-logging-3.3.2.Final.jar:/root/./workspace/volkoedov/thymeleaf-tutorial/437442067/.m2/com/fasterxml/classmate/1.3.4/classmate-1.3.4.jar:/root/./workspace/volkoedov/thymeleaf-tutorial/437442067/.m2/org/springframework/spring-web/5.0.8.RELEASE/spring-web-5.0.8.RELEASE.jar:/root/./workspace/volkoedov/thymeleaf-tutorial/437442067/.m2/org/springframework/spring-beans/5.0.8.RELEASE/spring-beans-5.0.8.RELEASE.jar:/root/./workspace/volkoedov/thymeleaf-tutorial/437442067/.m2/org/springframework/spring-webmvc/5.0.8.RELEASE/spring-webmvc-5.0.8.RELEASE.jar:/root/./workspace/volkoedov/thymeleaf-tutorial/437442067/.m2/org/springframework/spring-aop/5.0.8.RELEASE/spring-aop-5.0.8.RELEASE.jar:/root/./workspace/volkoedov/thymeleaf-tutorial/437442067/.m2/org/springframework/spring-context/5.0.8.RELEASE/spring-context-5.0.8.RELEASE.jar:/root/./workspace/volkoedov/thymeleaf-tutorial/437442067/.m2/org/springframework/spring-expression/5.0.8.RELEASE/spring-expression-5.0.8.RELEASE.jar:/root/./workspace/volkoedov/thymeleaf-tutorial/437442067/.m2/org/springframework/boot/spring-boot-devtools/2.0.4.RELEASE/spring-boot-devtools-2.0.4.RELEASE.jar:/root/./workspace/volkoedov/thymeleaf-tutorial/437442067/.m2/org/springframework/boot/spring-boot/2.0.4.RELEASE/spring-boot-2.0.4.RELEASE.jar:/root/./workspace/volkoedov/thymeleaf-tutorial/437442067/.m2/org/springframework/boot/spring-boot-autoconfigure/2.0.4.RELEASE/spring-boot-autoconfigure-2.0.4.RELEASE.jar:/root/./workspace/volkoedov/thymeleaf-tutorial/437442067/.m2/org/springframework/boot/spring-boot-starter-test/2.0.4.RELEASE/spring-boot-starter-test-2.0.4.RELEASE.jar:/root/./workspace/volkoedov/thymeleaf-tutorial/437442067/.m2/org/springframework/boot/spring-boot-test/2.0.4.RELEASE/spring-boot-test-2.0.4.RELEASE.jar:/root/./workspace/volkoedov/thymeleaf-tutorial/437442067/.m2/org/springframework/boot/spring-boot-test-autoconfigure/2.0.4.RELEASE/spring-boot-test-autoconfigure-2.0.4.RELEASE.jar:/root/./workspace/volkoedov/thymeleaf-tutorial/437442067/.m2/com/jayway/jsonpath/json-path/2.4.0/json-path-2.4.0.jar:/root/./workspace/volkoedov/thymeleaf-tutorial/437442067/.m2/net/minidev/json-smart/2.3/json-smart-2.3.jar:/root/./workspace/volkoedov/thymeleaf-tutorial/437442067/.m2/net/minidev/accessors-smart/1.2/accessors-smart-1.2.jar:/root/./workspace/volkoedov/thymeleaf-tutorial/437442067/.m2/org/ow2/asm/asm/5.0.4/asm-5.0.4.jar:/root/./workspace/volkoedov/thymeleaf-tutorial/437442067/.m2/junit/junit/4.12/junit-4.12.jar:/root/./workspace/volkoedov/thymeleaf-tutorial/437442067/.m2/org/assertj/assertj-core/3.9.1/assertj-core-3.9.1.jar:/root/./workspace/volkoedov/thymeleaf-tutorial/437442067/.m2/org/mockito/mockito-core/2.15.0/mockito-core-2.15.0.jar:/root/./workspace/volkoedov/thymeleaf-tutorial/437442067/.m2/net/bytebuddy/byte-buddy/1.7.11/byte-buddy-1.7.11.jar:/root/./workspace/volkoedov/thymeleaf-tutorial/437442067/.m2/net/bytebuddy/byte-buddy-agent/1.7.11/byte-buddy-agent-1.7.11.jar:/root/./workspace/volkoedov/thymeleaf-tutorial/437442067/.m2/org/objenesis/objenesis/2.6/objenesis-2.6.jar:/root/./workspace/volkoedov/thymeleaf-tutorial/437442067/.m2/org/hamcrest/hamcrest-core/1.3/hamcrest-core-1.3.jar:/root/./workspace/volkoedov/thymeleaf-tutorial/437442067/.m2/org/hamcrest/hamcrest-library/1.3/hamcrest-library-1.3.jar:/root/./workspace/volkoedov/thymeleaf-tutorial/437442067/.m2/org/skyscreamer/jsonassert/1.5.0/jsonassert-1.5.0.jar:/root/./workspace/volkoedov/thymeleaf-tutorial/437442067/.m2/com/vaadin/external/google/android-json/0.0.20131108.vaadin1/android-json-0.0.20131108.vaadin1.jar:/root/./workspace/volkoedov/thymeleaf-tutorial/437442067/.m2/org/springframework/spring-core/5.0.8.RELEASE/spring-core-5.0.8.RELEASE.jar:/root/./workspace/volkoedov/thymeleaf-tutorial/437442067/.m2/org/springframework/spring-jcl/5.0.8.RELEASE/spring-jcl-5.0.8.RELEASE.jar:/root/./workspace/volkoedov/thymeleaf-tutorial/437442067/.m2/org/springframework/spring-test/5.0.8.RELEASE/spring-test-5.0.8.RELEASE.jar:/root/./workspace/volkoedov/thymeleaf-tutorial/437442067/.m2/org/xmlunit/xmlunit-core/2.5.1/xmlunit-core-2.5.1.jar:/root/./workspace/volkoedov/thymeleaf-tutorial/437442067/.m2/org/immutables/value/2.7.1/value-2.7.1.jar:/root/./workspace/volkoedov/thymeleaf-tutorial/437442067/.m2/com/google/code/findbugs/jsr305/3.0.0/jsr305-3.0.0.jar:"/>
    <property name="sun.cpu.endian" value="little"/>
    <property name="user.home" value="/root"/>
    <property name="user.language" value="en"/>
    <property name="java.specification.vendor" value="Oracle Corporation"/>
    <property name="java.home" value="/usr/lib/jvm/java-8-openjdk-amd64/jre"/>
    <property name="basedir" value="/root/workspace/volkoedov/thymeleaf-tutorial/437442067/tutorial"/>
    <property name="file.separator" value="/"/>
    <property name="checkstyle.skip" value="true"/>
    <property name="line.separator" value="&#10;"/>
    <property name="skip.npm" value="true"/>
    <property name="java.vm.specification.vendor" value="Oracle Corporation"/>
    <property name="java.specification.name" value="Java Platform API Specification"/>
    <property name="java.awt.graphicsenv" value="sun.awt.X11GraphicsEnvironment"/>
    <property name="skipITs" value="true"/>
    <property name="surefire.real.class.path" value="/root/workspace/volkoedov/thymeleaf-tutorial/437442067/tutorial/target/surefire/surefirebooter1096798327300381695.jar:/root/./workspace/volkoedov/thymeleaf-tutorial/437442067/.m2/org/jacoco/org.jacoco.agent/0.8.2/org.jacoco.agent-0.8.2-runtime.jar"/>
    <property name="cobertura.skip" value="true"/>
    <property name="sun.boot.class.path" value="/usr/lib/jvm/java-8-openjdk-amd64/jre/lib/resources.jar:/usr/lib/jvm/java-8-openjdk-amd64/jre/lib/rt.jar:/usr/lib/jvm/java-8-openjdk-amd64/jre/lib/sunrsasign.jar:/usr/lib/jvm/java-8-openjdk-amd64/jre/lib/jsse.jar:/usr/lib/jvm/java-8-openjdk-amd64/jre/lib/jce.jar:/usr/lib/jvm/java-8-openjdk-amd64/jre/lib/charsets.jar:/usr/lib/jvm/java-8-openjdk-amd64/jre/lib/jfr.jar:/usr/lib/jvm/java-8-openjdk-amd64/jre/classes"/>
    <property name="sun.management.compiler" value="HotSpot 64-Bit Tiered Compilers"/>
    <property name="java.runtime.version" value="1.8.0_121-8u121-b13-1~bpo8+1-b13"/>
    <property name="user.name" value="root"/>
    <property name="findbugs.skip" value="true"/>
    <property name="path.separator" value=":"/>
    <property name="os.version" value="4.9.0-6-amd64"/>
    <property name="java.endorsed.dirs" value="/usr/lib/jvm/java-8-openjdk-amd64/jre/lib/endorsed"/>
    <property name="java.runtime.name" value="OpenJDK Runtime Environment"/>
    <property name="file.encoding" value="UTF-8"/>
    <property name="java.vm.name" value="OpenJDK 64-Bit Server VM"/>
    <property name="localRepository" value="/root/./workspace/volkoedov/thymeleaf-tutorial/437442067/.m2"/>
    <property name="java.vendor.url.bug" value="http://bugreport.sun.com/bugreport/"/>
    <property name="java.io.tmpdir" value="/tmp"/>
    <property name="java.version" value="1.8.0_121"/>
    <property name="user.dir" value="/root/workspace/volkoedov/thymeleaf-tutorial/437442067/tutorial"/>
    <property name="os.arch" value="amd64"/>
    <property name="license.skip" value="true"/>
    <property name="java.vm.specification.name" value="Java Virtual Machine Specification"/>
    <property name="java.awt.printerjob" value="sun.print.PSPrinterJob"/>
    <property name="sun.os.patch.level" value="unknown"/>
    <property name="java.library.path" value="/usr/java/packages/lib/amd64:/usr/lib/x86_64-linux-gnu/jni:/lib/x86_64-linux-gnu:/usr/lib/x86_64-linux-gnu:/usr/lib/jni:/lib:/usr/lib"/>
    <property name="java.vm.info" value="mixed mode"/>
    <property name="java.vendor" value="Oracle Corporation"/>
    <property name="java.vm.version" value="25.121-b13"/>
    <property name="java.ext.dirs" value="/usr/lib/jvm/java-8-openjdk-amd64/jre/lib/ext:/usr/java/packages/lib/ext"/>
    <property name="sun.io.unicode.encoding" value="UnicodeLittle"/>
    <property name="maven.repo.local" value="/root/./workspace/volkoedov/thymeleaf-tutorial/437442067/.m2"/>
    <property name="enforcer.skip" value="true"/>
    <property name="java.class.version" value="52.0"/>
  </properties>
  <testcase name="modelTest" classname="org.vea.tutorial.controllers.ProductListControllerTest" time="0.071">
    <failure message="Model attribute &apos;products&apos;&#10;Expected: (an instance of org.thymeleaf.context.LazyContextVariable and hasProperty(&quot;value&quot;, (an instance of java.util.List and a collection with size &lt;3&gt;)))&#10;     but: an instance of org.thymeleaf.context.LazyContextVariable &lt;[Product{name=Cucumber, price=5.0, stock=true}, Product{name=Carrot, price=5.0, stock=true}, Product{name=Cabbage, price=3.15, stock=true}]&gt; is a java.util.ArrayList" type="java.lang.AssertionError"><![CDATA[java.lang.AssertionError: 
Model attribute 'products'
Expected: (an instance of org.thymeleaf.context.LazyContextVariable and hasProperty("value", (an instance of java.util.List and a collection with size <3>)))
     but: an instance of org.thymeleaf.context.LazyContextVariable <[Product{name=Cucumber, price=5.0, stock=true}, Product{name=Carrot, price=5.0, stock=true}, Product{name=Cabbage, price=3.15, stock=true}]> is a java.util.ArrayList
	at org.vea.tutorial.controllers.ProductListControllerTest.modelTest(ProductListControllerTest.java:47)
]]></failure>
    <system-out><![CDATA[2018-10-08 06:12:15.310  INFO 319 --- [           main] .b.t.a.w.s.WebMvcTestContextBootstrapper : Neither @ContextConfiguration nor @ContextHierarchy found for test class [org.vea.tutorial.controllers.ProductListControllerTest], using SpringBootContextLoader
2018-10-08 06:12:15.311  INFO 319 --- [           main] o.s.t.c.support.AbstractContextLoader    : Could not detect default resource locations for test class [org.vea.tutorial.controllers.ProductListControllerTest]: no resource found for suffixes {-context.xml, Context.groovy}.
2018-10-08 06:12:15.311  INFO 319 --- [           main] t.c.s.AnnotationConfigContextLoaderUtils : Could not detect default configuration classes for test class [org.vea.tutorial.controllers.ProductListControllerTest]: ProductListControllerTest does not declare any static, non-private, non-final, nested classes annotated with @Configuration.
2018-10-08 06:12:15.319  INFO 319 --- [           main] .b.t.c.SpringBootTestContextBootstrapper : Found @SpringBootConfiguration org.vea.tutorial.TutorialApplication for test class org.vea.tutorial.controllers.ProductListControllerTest
2018-10-08 06:12:15.321  INFO 319 --- [           main] .b.t.a.w.s.WebMvcTestContextBootstrapper : Loaded default TestExecutionListener class names from location [META-INF/spring.factories]: [org.springframework.boot.test.mock.mockito.MockitoTestExecutionListener, org.springframework.boot.test.mock.mockito.ResetMocksTestExecutionListener, org.springframework.boot.test.autoconfigure.restdocs.RestDocsTestExecutionListener, org.springframework.boot.test.autoconfigure.web.client.MockRestServiceServerResetTestExecutionListener, org.springframework.boot.test.autoconfigure.web.servlet.MockMvcPrintOnlyOnFailureTestExecutionListener, org.springframework.boot.test.autoconfigure.web.servlet.WebDriverTestExecutionListener, org.springframework.test.context.web.ServletTestExecutionListener, org.springframework.test.context.support.DirtiesContextBeforeModesTestExecutionListener, org.springframework.test.context.support.DependencyInjectionTestExecutionListener, org.springframework.test.context.support.DirtiesContextTestExecutionListener, org.springframework.test.context.transaction.TransactionalTestExecutionListener, org.springframework.test.context.jdbc.SqlScriptsTestExecutionListener]
2018-10-08 06:12:15.323  INFO 319 --- [           main] .b.t.a.w.s.WebMvcTestContextBootstrapper : Using TestExecutionListeners: [org.springframework.test.context.web.ServletTestExecutionListener@4b2e5985, org.springframework.test.context.support.DirtiesContextBeforeModesTestExecutionListener@6325b0c1, org.springframework.boot.test.mock.mockito.MockitoTestExecutionListener@271fb6fe, org.springframework.boot.test.autoconfigure.SpringBootDependencyInjectionTestExecutionListener@503d5f4f, org.springframework.test.context.support.DirtiesContextTestExecutionListener@69e6c6bc, org.springframework.boot.test.mock.mockito.ResetMocksTestExecutionListener@270bd0f9, org.springframework.boot.test.autoconfigure.restdocs.RestDocsTestExecutionListener@7d793aa0, org.springframework.boot.test.autoconfigure.web.client.MockRestServiceServerResetTestExecutionListener@4704c567, org.springframework.boot.test.autoconfigure.web.servlet.MockMvcPrintOnlyOnFailureTestExecutionListener@1888381d, org.springframework.boot.test.autoconfigure.web.servlet.WebDriverTestExecutionListener@617dafed]

  .   ____          _            __ _ _
 /\\ / ___'_ __ _ _(_)_ __  __ _ \ \ \ \
( ( )\___ | '_ | '_| | '_ \/ _` | \ \ \ \
 \\/  ___)| |_)| | | | | || (_| |  ) ) ) )
  '  |____| .__|_| |_|_| |_\__, | / / / /
 =========|_|==============|___/=/_/_/_/
 :: Spring Boot ::        (v2.0.4.RELEASE)

2018-10-08 06:12:15.378  INFO 319 --- [           main] o.v.t.c.ProductListControllerTest        : Starting ProductListControllerTest on spirals-bears with PID 319 (started by root in /root/workspace/volkoedov/thymeleaf-tutorial/437442067/tutorial)
2018-10-08 06:12:15.380  INFO 319 --- [           main] o.v.t.c.ProductListControllerTest        : No active profile set, falling back to default profiles: default
2018-10-08 06:12:15.384  INFO 319 --- [           main] o.s.w.c.s.GenericWebApplicationContext   : Refreshing org.springframework.web.context.support.GenericWebApplicationContext@71b326bf: startup date [Mon Oct 08 06:12:15 CEST 2018]; root of context hierarchy
2018-10-08 06:12:15.777  INFO 319 --- [           main] o.s.w.s.handler.SimpleUrlHandlerMapping  : Mapped URL path [/**/favicon.ico] onto handler of type [class org.springframework.web.servlet.resource.ResourceHttpRequestHandler]
2018-10-08 06:12:15.906  INFO 319 --- [           main] s.w.s.m.m.a.RequestMappingHandlerAdapter : Looking for @ControllerAdvice: org.springframework.web.context.support.GenericWebApplicationContext@71b326bf: startup date [Mon Oct 08 06:12:15 CEST 2018]; root of context hierarchy
2018-10-08 06:12:15.926  INFO 319 --- [           main] s.w.s.m.m.a.RequestMappingHandlerMapping : Mapped "{[/product/list],methods=[GET]}" onto public java.lang.String org.vea.tutorial.controllers.ProductListController.getProductListView(org.springframework.ui.Model)
2018-10-08 06:12:15.929  INFO 319 --- [           main] s.w.s.m.m.a.RequestMappingHandlerMapping : Mapped "{[/error],produces=[text/html]}" onto public org.springframework.web.servlet.ModelAndView org.springframework.boot.autoconfigure.web.servlet.error.BasicErrorController.errorHtml(javax.servlet.http.HttpServletRequest,javax.servlet.http.HttpServletResponse)
2018-10-08 06:12:15.930  INFO 319 --- [           main] s.w.s.m.m.a.RequestMappingHandlerMapping : Mapped "{[/error]}" onto public org.springframework.http.ResponseEntity<java.util.Map<java.lang.String, java.lang.Object>> org.springframework.boot.autoconfigure.web.servlet.error.BasicErrorController.error(javax.servlet.http.HttpServletRequest)
2018-10-08 06:12:15.955  INFO 319 --- [           main] o.s.w.s.handler.SimpleUrlHandlerMapping  : Mapped URL path [/webjars/**] onto handler of type [class org.springframework.web.servlet.resource.ResourceHttpRequestHandler]
2018-10-08 06:12:15.955  INFO 319 --- [           main] o.s.w.s.handler.SimpleUrlHandlerMapping  : Mapped URL path [/**] onto handler of type [class org.springframework.web.servlet.resource.ResourceHttpRequestHandler]
2018-10-08 06:12:16.123  INFO 319 --- [           main] o.s.b.t.m.w.SpringBootMockServletContext : Initializing Spring FrameworkServlet ''
2018-10-08 06:12:16.124  INFO 319 --- [           main] o.s.t.web.servlet.TestDispatcherServlet  : FrameworkServlet '': initialization started
2018-10-08 06:12:16.133  INFO 319 --- [           main] o.s.t.web.servlet.TestDispatcherServlet  : FrameworkServlet '': initialization completed in 9 ms
2018-10-08 06:12:16.152  INFO 319 --- [           main] o.v.t.c.ProductListControllerTest        : Started ProductListControllerTest in 0.824 seconds (JVM running for 13.275)

MockHttpServletRequest:
      HTTP Method = GET
      Request URI = /product/list
       Parameters = {}
          Headers = {}
             Body = <no character encoding set>
    Session Attrs = {}

Handler:
             Type = org.vea.tutorial.controllers.ProductListController
           Method = public java.lang.String org.vea.tutorial.controllers.ProductListController.getProductListView(org.springframework.ui.Model)

Async:
    Async started = false
     Async result = null

Resolved Exception:
             Type = null

ModelAndView:
        View name = product/list
             View = null
        Attribute = products
            value = [Product{name=Cucumber, price=5.0, stock=true}, Product{name=Carrot, price=5.0, stock=true}, Product{name=Cabbage, price=3.15, stock=true}]

FlashMap:
       Attributes = null

MockHttpServletResponse:
           Status = 200
    Error message = null
          Headers = {Content-Language=[en], Content-Type=[text/html;charset=UTF-8]}
     Content type = text/html;charset=UTF-8
             Body = <!DOCTYPE html>
<html lang="en">
<head>
    <meta charset="UTF-8">
    <title>Product list</title>
    <link href="/css/style.css" rel="stylesheet" />
</head>
<body>

<table>
    <thead>
    <tr>
        <th>NAME</th>
        <th>PRICE</th>
        <th>IN STOCK</th>
    </tr>
    </thead>
    <tbody>
    <tr class="odd">
        <td>Cucumber</td>
        <td>5.0</td>
        <td>Yes</td>
    </tr>
    <tr>
        <td>Carrot</td>
        <td>5.0</td>
        <td>Yes</td>
    </tr>
    <tr class="odd">
        <td>Cabbage</td>
        <td>3.15</td>
        <td>Yes</td>
    </tr>
    </tbody>
</table>
</body>
</html>
    Forwarded URL = null
   Redirected URL = null
          Cookies = []
]]></system-out>
  </testcase>
  <testcase name="getViewNameTest" classname="org.vea.tutorial.controllers.ProductListControllerTest" time="0.004"/>
  <testcase name="getViewNameControllerTest" classname="org.vea.tutorial.controllers.ProductListControllerTest" time="0.021"/>
</testsuite>